{"C:\\My Project\\Axon\\backend\\server.js": {"path":"C:\\My Project\\Axon\\backend\\server.js","statementMap":{"0":{"start":{"line":36,"column":13},"end":{"line":36,"column":29}},"1":{"start":{"line":37,"column":11},"end":{"line":37,"column":21}},"2":{"start":{"line":38,"column":20},"end":{"line":38,"column":60}},"3":{"start":{"line":40,"column":15},"end":{"line":40,"column":37}},"4":{"start":{"line":42,"column":18},"end":{"line":47,"column":2}},"5":{"start":{"line":48,"column":0},"end":{"line":48,"column":null}},"6":{"start":{"line":49,"column":0},"end":{"line":49,"column":null}},"7":{"start":{"line":50,"column":0},"end":{"line":50,"column":null}},"8":{"start":{"line":52,"column":18},"end":{"line":58,"column":2}},"9":{"start":{"line":60,"column":0},"end":{"line":60,"column":20}},"10":{"start":{"line":62,"column":0},"end":{"line":68,"column":2}},"11":{"start":{"line":70,"column":0},"end":{"line":70,"column":null}},"12":{"start":{"line":71,"column":0},"end":{"line":71,"column":null}},"13":{"start":{"line":72,"column":0},"end":{"line":72,"column":null}},"14":{"start":{"line":73,"column":0},"end":{"line":73,"column":null}},"15":{"start":{"line":75,"column":0},"end":{"line":75,"column":null}},"16":{"start":{"line":76,"column":0},"end":{"line":76,"column":null}},"17":{"start":{"line":77,"column":0},"end":{"line":77,"column":null}},"18":{"start":{"line":78,"column":0},"end":{"line":78,"column":null}},"19":{"start":{"line":79,"column":0},"end":{"line":79,"column":null}},"20":{"start":{"line":80,"column":0},"end":{"line":80,"column":null}},"21":{"start":{"line":81,"column":0},"end":{"line":81,"column":null}},"22":{"start":{"line":83,"column":0},"end":{"line":121,"column":null}},"23":{"start":{"line":84,"column":2},"end":{"line":120,"column":null}},"24":{"start":{"line":85,"column":51},"end":{"line":85,"column":72}},"25":{"start":{"line":87,"column":4},"end":{"line":98,"column":null}},"26":{"start":{"line":88,"column":6},"end":{"line":90,"column":null}},"27":{"start":{"line":89,"column":8},"end":{"line":89,"column":null}},"28":{"start":{"line":92,"column":19},"end":{"line":92,"column":60}},"29":{"start":{"line":93,"column":6},"end":{"line":93,"column":null}},"30":{"start":{"line":94,"column":6},"end":{"line":94,"column":null}},"31":{"start":{"line":95,"column":6},"end":{"line":95,"column":null}},"32":{"start":{"line":96,"column":6},"end":{"line":96,"column":null}},"33":{"start":{"line":97,"column":6},"end":{"line":97,"column":null}},"34":{"start":{"line":100,"column":4},"end":{"line":102,"column":5}},"35":{"start":{"line":101,"column":6},"end":{"line":101,"column":null}},"36":{"start":{"line":103,"column":18},"end":{"line":103,"column":47}},"37":{"start":{"line":104,"column":4},"end":{"line":106,"column":5}},"38":{"start":{"line":105,"column":6},"end":{"line":105,"column":70}},"39":{"start":{"line":107,"column":20},"end":{"line":107,"column":51}},"40":{"start":{"line":108,"column":4},"end":{"line":110,"column":null}},"41":{"start":{"line":109,"column":6},"end":{"line":109,"column":null}},"42":{"start":{"line":111,"column":4},"end":{"line":111,"column":null}},"43":{"start":{"line":112,"column":4},"end":{"line":112,"column":null}},"44":{"start":{"line":113,"column":4},"end":{"line":113,"column":null}},"45":{"start":{"line":114,"column":4},"end":{"line":114,"column":null}},"46":{"start":{"line":115,"column":4},"end":{"line":115,"column":null}},"47":{"start":{"line":116,"column":4},"end":{"line":116,"column":null}},"48":{"start":{"line":118,"column":4},"end":{"line":118,"column":null}},"49":{"start":{"line":119,"column":4},"end":{"line":119,"column":null}},"50":{"start":{"line":123,"column":0},"end":{"line":197,"column":null}},"51":{"start":{"line":124,"column":2},"end":{"line":151,"column":null}},"52":{"start":{"line":125,"column":4},"end":{"line":150,"column":null}},"53":{"start":{"line":126,"column":6},"end":{"line":132,"column":null}},"54":{"start":{"line":127,"column":8},"end":{"line":130,"column":null}},"55":{"start":{"line":131,"column":8},"end":{"line":131,"column":null}},"56":{"start":{"line":134,"column":25},"end":{"line":134,"column":80}},"57":{"start":{"line":135,"column":6},"end":{"line":140,"column":null}},"58":{"start":{"line":136,"column":8},"end":{"line":139,"column":null}},"59":{"start":{"line":142,"column":6},"end":{"line":145,"column":null}},"60":{"start":{"line":146,"column":6},"end":{"line":149,"column":null}},"61":{"start":{"line":153,"column":2},"end":{"line":164,"column":null}},"62":{"start":{"line":154,"column":4},"end":{"line":163,"column":null}},"63":{"start":{"line":155,"column":6},"end":{"line":157,"column":null}},"64":{"start":{"line":156,"column":8},"end":{"line":156,"column":null}},"65":{"start":{"line":159,"column":6},"end":{"line":162,"column":null}},"66":{"start":{"line":166,"column":2},"end":{"line":172,"column":null}},"67":{"start":{"line":167,"column":4},"end":{"line":170,"column":null}},"68":{"start":{"line":171,"column":4},"end":{"line":171,"column":null}},"69":{"start":{"line":174,"column":16},"end":{"line":174,"column":28}},"70":{"start":{"line":175,"column":2},"end":{"line":178,"column":null}},"71":{"start":{"line":181,"column":2},"end":{"line":181,"column":26}},"72":{"start":{"line":182,"column":2},"end":{"line":182,"column":29}},"73":{"start":{"line":183,"column":2},"end":{"line":183,"column":30}},"74":{"start":{"line":184,"column":2},"end":{"line":184,"column":21}},"75":{"start":{"line":186,"column":2},"end":{"line":188,"column":null}},"76":{"start":{"line":187,"column":4},"end":{"line":187,"column":null}},"77":{"start":{"line":190,"column":2},"end":{"line":196,"column":null}},"78":{"start":{"line":191,"column":4},"end":{"line":194,"column":null}},"79":{"start":{"line":195,"column":4},"end":{"line":195,"column":null}},"80":{"start":{"line":200,"column":2},"end":{"line":217,"column":null}},"81":{"start":{"line":201,"column":4},"end":{"line":201,"column":null}},"82":{"start":{"line":202,"column":4},"end":{"line":209,"column":null}},"83":{"start":{"line":210,"column":4},"end":{"line":210,"column":null}},"84":{"start":{"line":211,"column":4},"end":{"line":213,"column":null}},"85":{"start":{"line":212,"column":6},"end":{"line":212,"column":null}},"86":{"start":{"line":215,"column":4},"end":{"line":215,"column":null}},"87":{"start":{"line":216,"column":4},"end":{"line":216,"column":null}},"88":{"start":{"line":220,"column":0},"end":{"line":220,"column":null}}},"fnMap":{"0":{"name":"(anonymous_0)","decl":{"start":{"line":83,"column":7},"end":{"line":83,"column":12}},"loc":{"start":{"line":83,"column":31},"end":{"line":121,"column":1}},"line":83},"1":{"name":"(anonymous_1)","decl":{"start":{"line":123,"column":20},"end":{"line":123,"column":25}},"loc":{"start":{"line":123,"column":38},"end":{"line":197,"column":1}},"line":123},"2":{"name":"(anonymous_2)","decl":{"start":{"line":124,"column":34},"end":{"line":124,"column":39}},"loc":{"start":{"line":124,"column":50},"end":{"line":151,"column":3}},"line":124},"3":{"name":"(anonymous_3)","decl":{"start":{"line":153,"column":36},"end":{"line":153,"column":41}},"loc":{"start":{"line":153,"column":52},"end":{"line":164,"column":3}},"line":153},"4":{"name":"(anonymous_4)","decl":{"start":{"line":186,"column":25},"end":{"line":186,"column":30}},"loc":{"start":{"line":186,"column":41},"end":{"line":188,"column":3}},"line":186},"5":{"name":"(anonymous_5)","decl":{"start":{"line":190,"column":26},"end":{"line":190,"column":31}},"loc":{"start":{"line":190,"column":38},"end":{"line":196,"column":3}},"line":190},"6":{"name":"startServer","decl":{"start":{"line":199,"column":15},"end":{"line":199,"column":26}},"loc":{"start":{"line":199,"column":29},"end":{"line":218,"column":null}},"line":199},"7":{"name":"(anonymous_7)","decl":{"start":{"line":211,"column":24},"end":{"line":211,"column":25}},"loc":{"start":{"line":211,"column":30},"end":{"line":213,"column":5}},"line":211}},"branchMap":{"0":{"loc":{"start":{"line":87,"column":4},"end":{"line":98,"column":null}},"type":"if","locations":[{"start":{"line":87,"column":4},"end":{"line":98,"column":null}},{"start":{},"end":{}}],"line":87},"1":{"loc":{"start":{"line":87,"column":8},"end":{"line":87,"column":36}},"type":"binary-expr","locations":[{"start":{"line":87,"column":8},"end":{"line":87,"column":27}},{"start":{"line":87,"column":31},"end":{"line":87,"column":36}}],"line":87},"2":{"loc":{"start":{"line":88,"column":6},"end":{"line":90,"column":null}},"type":"if","locations":[{"start":{"line":88,"column":6},"end":{"line":90,"column":null}},{"start":{},"end":{}}],"line":88},"3":{"loc":{"start":{"line":100,"column":4},"end":{"line":102,"column":5}},"type":"if","locations":[{"start":{"line":100,"column":4},"end":{"line":102,"column":5}},{"start":{},"end":{}}],"line":100},"4":{"loc":{"start":{"line":100,"column":8},"end":{"line":100,"column":27}},"type":"binary-expr","locations":[{"start":{"line":100,"column":8},"end":{"line":100,"column":16}},{"start":{"line":100,"column":20},"end":{"line":100,"column":27}}],"line":100},"5":{"loc":{"start":{"line":104,"column":4},"end":{"line":106,"column":5}},"type":"if","locations":[{"start":{"line":104,"column":4},"end":{"line":106,"column":5}},{"start":{},"end":{}}],"line":104},"6":{"loc":{"start":{"line":108,"column":4},"end":{"line":110,"column":null}},"type":"if","locations":[{"start":{"line":108,"column":4},"end":{"line":110,"column":null}},{"start":{},"end":{}}],"line":108},"7":{"loc":{"start":{"line":126,"column":6},"end":{"line":132,"column":null}},"type":"if","locations":[{"start":{"line":126,"column":6},"end":{"line":132,"column":null}},{"start":{},"end":{}}],"line":126},"8":{"loc":{"start":{"line":135,"column":6},"end":{"line":140,"column":null}},"type":"if","locations":[{"start":{"line":135,"column":6},"end":{"line":140,"column":null}},{"start":{},"end":{}}],"line":135},"9":{"loc":{"start":{"line":155,"column":6},"end":{"line":157,"column":null}},"type":"if","locations":[{"start":{"line":155,"column":6},"end":{"line":157,"column":null}},{"start":{},"end":{}}],"line":155},"10":{"loc":{"start":{"line":166,"column":2},"end":{"line":172,"column":null}},"type":"if","locations":[{"start":{"line":166,"column":2},"end":{"line":172,"column":null}},{"start":{},"end":{}}],"line":166},"11":{"loc":{"start":{"line":168,"column":16},"end":{"line":168,"column":51}},"type":"binary-expr","locations":[{"start":{"line":168,"column":16},"end":{"line":168,"column":31}},{"start":{"line":168,"column":35},"end":{"line":168,"column":51}}],"line":168}},"s":{"0":0,"1":0,"2":0,"3":0,"4":0,"5":0,"6":0,"7":0,"8":0,"9":0,"10":0,"11":0,"12":0,"13":0,"14":0,"15":0,"16":0,"17":0,"18":0,"19":0,"20":0,"21":0,"22":0,"23":0,"24":0,"25":0,"26":0,"27":0,"28":0,"29":0,"30":0,"31":0,"32":0,"33":0,"34":0,"35":0,"36":0,"37":0,"38":0,"39":0,"40":0,"41":0,"42":0,"43":0,"44":0,"45":0,"46":0,"47":0,"48":0,"49":0,"50":0,"51":0,"52":0,"53":0,"54":0,"55":0,"56":0,"57":0,"58":0,"59":0,"60":0,"61":0,"62":0,"63":0,"64":0,"65":0,"66":0,"67":0,"68":0,"69":0,"70":0,"71":0,"72":0,"73":0,"74":0,"75":0,"76":0,"77":0,"78":0,"79":0,"80":0,"81":0,"82":0,"83":0,"84":0,"85":0,"86":0,"87":0,"88":0},"f":{"0":0,"1":0,"2":0,"3":0,"4":0,"5":0,"6":0,"7":0},"b":{"0":[0,0],"1":[0,0],"2":[0,0],"3":[0,0],"4":[0,0],"5":[0,0],"6":[0,0],"7":[0,0],"8":[0,0],"9":[0,0],"10":[0,0],"11":[0,0]},"meta":{"lastBranch":12,"lastFunction":8,"lastStatement":89,"seen":{"s:36:13:36:29":0,"s:37:11:37:21":1,"s:38:20:38:60":2,"s:40:15:40:37":3,"s:42:18:47:2":4,"s:48:0:48:Infinity":5,"s:49:0:49:Infinity":6,"s:50:0:50:Infinity":7,"s:52:18:58:2":8,"s:60:0:60:20":9,"s:62:0:68:2":10,"s:70:0:70:Infinity":11,"s:71:0:71:Infinity":12,"s:72:0:72:Infinity":13,"s:73:0:73:Infinity":14,"s:75:0:75:Infinity":15,"s:76:0:76:Infinity":16,"s:77:0:77:Infinity":17,"s:78:0:78:Infinity":18,"s:79:0:79:Infinity":19,"s:80:0:80:Infinity":20,"s:81:0:81:Infinity":21,"s:83:0:121:Infinity":22,"f:83:7:83:12":0,"s:84:2:120:Infinity":23,"s:85:51:85:72":24,"b:87:4:98:Infinity:undefined:undefined:undefined:undefined":0,"s:87:4:98:Infinity":25,"b:87:8:87:27:87:31:87:36":1,"b:88:6:90:Infinity:undefined:undefined:undefined:undefined":2,"s:88:6:90:Infinity":26,"s:89:8:89:Infinity":27,"s:92:19:92:60":28,"s:93:6:93:Infinity":29,"s:94:6:94:Infinity":30,"s:95:6:95:Infinity":31,"s:96:6:96:Infinity":32,"s:97:6:97:Infinity":33,"b:100:4:102:5:undefined:undefined:undefined:undefined":3,"s:100:4:102:5":34,"b:100:8:100:16:100:20:100:27":4,"s:101:6:101:Infinity":35,"s:103:18:103:47":36,"b:104:4:106:5:undefined:undefined:undefined:undefined":5,"s:104:4:106:5":37,"s:105:6:105:70":38,"s:107:20:107:51":39,"b:108:4:110:Infinity:undefined:undefined:undefined:undefined":6,"s:108:4:110:Infinity":40,"s:109:6:109:Infinity":41,"s:111:4:111:Infinity":42,"s:112:4:112:Infinity":43,"s:113:4:113:Infinity":44,"s:114:4:114:Infinity":45,"s:115:4:115:Infinity":46,"s:116:4:116:Infinity":47,"s:118:4:118:Infinity":48,"s:119:4:119:Infinity":49,"s:123:0:197:Infinity":50,"f:123:20:123:25":1,"s:124:2:151:Infinity":51,"f:124:34:124:39":2,"s:125:4:150:Infinity":52,"b:126:6:132:Infinity:undefined:undefined:undefined:undefined":7,"s:126:6:132:Infinity":53,"s:127:8:130:Infinity":54,"s:131:8:131:Infinity":55,"s:134:25:134:80":56,"b:135:6:140:Infinity:undefined:undefined:undefined:undefined":8,"s:135:6:140:Infinity":57,"s:136:8:139:Infinity":58,"s:142:6:145:Infinity":59,"s:146:6:149:Infinity":60,"s:153:2:164:Infinity":61,"f:153:36:153:41":3,"s:154:4:163:Infinity":62,"b:155:6:157:Infinity:undefined:undefined:undefined:undefined":9,"s:155:6:157:Infinity":63,"s:156:8:156:Infinity":64,"s:159:6:162:Infinity":65,"b:166:2:172:Infinity:undefined:undefined:undefined:undefined":10,"s:166:2:172:Infinity":66,"s:167:4:170:Infinity":67,"b:168:16:168:31:168:35:168:51":11,"s:171:4:171:Infinity":68,"s:174:16:174:28":69,"s:175:2:178:Infinity":70,"s:181:2:181:26":71,"s:182:2:182:29":72,"s:183:2:183:30":73,"s:184:2:184:21":74,"s:186:2:188:Infinity":75,"f:186:25:186:30":4,"s:187:4:187:Infinity":76,"s:190:2:196:Infinity":77,"f:190:26:190:31":5,"s:191:4:194:Infinity":78,"s:195:4:195:Infinity":79,"f:199:15:199:26":6,"s:200:2:217:Infinity":80,"s:201:4:201:Infinity":81,"s:202:4:209:Infinity":82,"s:210:4:210:Infinity":83,"s:211:4:213:Infinity":84,"f:211:24:211:25":7,"s:212:6:212:Infinity":85,"s:215:4:215:Infinity":86,"s:216:4:216:Infinity":87,"s:220:0:220:Infinity":88}}}
,"C:\\My Project\\Axon\\backend\\config\\connection.js": {"path":"C:\\My Project\\Axon\\backend\\config\\connection.js","statementMap":{"0":{"start":{"line":4,"column":14},"end":{"line":4,"column":64}},"1":{"start":{"line":7,"column":2},"end":{"line":43,"column":null}},"2":{"start":{"line":8,"column":17},"end":{"line":18,"column":6}},"3":{"start":{"line":19,"column":4},"end":{"line":19,"column":null}},"4":{"start":{"line":21,"column":4},"end":{"line":23,"column":null}},"5":{"start":{"line":22,"column":6},"end":{"line":22,"column":null}},"6":{"start":{"line":25,"column":4},"end":{"line":27,"column":null}},"7":{"start":{"line":26,"column":6},"end":{"line":26,"column":null}},"8":{"start":{"line":29,"column":4},"end":{"line":31,"column":null}},"9":{"start":{"line":30,"column":6},"end":{"line":30,"column":null}},"10":{"start":{"line":33,"column":4},"end":{"line":37,"column":null}},"11":{"start":{"line":34,"column":6},"end":{"line":34,"column":null}},"12":{"start":{"line":35,"column":6},"end":{"line":35,"column":null}},"13":{"start":{"line":36,"column":6},"end":{"line":36,"column":null}},"14":{"start":{"line":39,"column":4},"end":{"line":39,"column":16}},"15":{"start":{"line":41,"column":4},"end":{"line":41,"column":null}},"16":{"start":{"line":42,"column":4},"end":{"line":42,"column":null}}},"fnMap":{"0":{"name":"connectMongoDb","decl":{"start":{"line":6,"column":15},"end":{"line":6,"column":29}},"loc":{"start":{"line":6,"column":35},"end":{"line":44,"column":null}},"line":6},"1":{"name":"(anonymous_1)","decl":{"start":{"line":21,"column":40},"end":{"line":21,"column":41}},"loc":{"start":{"line":21,"column":46},"end":{"line":23,"column":5}},"line":21},"2":{"name":"(anonymous_2)","decl":{"start":{"line":25,"column":36},"end":{"line":25,"column":37}},"loc":{"start":{"line":25,"column":45},"end":{"line":27,"column":5}},"line":25},"3":{"name":"(anonymous_3)","decl":{"start":{"line":29,"column":43},"end":{"line":29,"column":44}},"loc":{"start":{"line":29,"column":49},"end":{"line":31,"column":5}},"line":29},"4":{"name":"(anonymous_4)","decl":{"start":{"line":33,"column":25},"end":{"line":33,"column":30}},"loc":{"start":{"line":33,"column":37},"end":{"line":37,"column":5}},"line":33}},"branchMap":{},"s":{"0":0,"1":0,"2":0,"3":0,"4":0,"5":0,"6":0,"7":0,"8":0,"9":0,"10":0,"11":0,"12":0,"13":0,"14":0,"15":0,"16":0},"f":{"0":0,"1":0,"2":0,"3":0,"4":0},"b":{},"meta":{"lastBranch":0,"lastFunction":5,"lastStatement":17,"seen":{"s:4:14:4:64":0,"f:6:15:6:29":0,"s:7:2:43:Infinity":1,"s:8:17:18:6":2,"s:19:4:19:Infinity":3,"s:21:4:23:Infinity":4,"f:21:40:21:41":1,"s:22:6:22:Infinity":5,"s:25:4:27:Infinity":6,"f:25:36:25:37":2,"s:26:6:26:Infinity":7,"s:29:4:31:Infinity":8,"f:29:43:29:44":3,"s:30:6:30:Infinity":9,"s:33:4:37:Infinity":10,"f:33:25:33:30":4,"s:34:6:34:Infinity":11,"s:35:6:35:Infinity":12,"s:36:6:36:Infinity":13,"s:39:4:39:16":14,"s:41:4:41:Infinity":15,"s:42:4:42:Infinity":16}}}
,"C:\\My Project\\Axon\\backend\\config\\environment.js": {"path":"C:\\My Project\\Axon\\backend\\config\\environment.js","statementMap":{"0":{"start":{"line":4,"column":0},"end":{"line":4,"column":null}},"1":{"start":{"line":6,"column":26},"end":{"line":25,"column":2}},"2":{"start":{"line":28,"column":18},"end":{"line":33,"column":15}},"3":{"start":{"line":30,"column":23},"end":{"line":30,"column":60}},"4":{"start":{"line":31,"column":6},"end":{"line":31,"column":null}},"5":{"start":{"line":35,"column":2},"end":{"line":35,"column":null}},"6":{"start":{"line":39,"column":17},"end":{"line":39,"column":52}},"7":{"start":{"line":41,"column":2},"end":{"line":43,"column":null}},"8":{"start":{"line":42,"column":4},"end":{"line":42,"column":null}},"9":{"start":{"line":45,"column":2},"end":{"line":45,"column":null}},"10":{"start":{"line":50,"column":0},"end":{"line":55,"column":null}},"11":{"start":{"line":51,"column":2},"end":{"line":51,"column":null}},"12":{"start":{"line":53,"column":2},"end":{"line":53,"column":null}},"13":{"start":{"line":54,"column":2},"end":{"line":54,"column":null}}},"fnMap":{"0":{"name":"formatEnvironmentError","decl":{"start":{"line":27,"column":9},"end":{"line":27,"column":31}},"loc":{"start":{"line":27,"column":39},"end":{"line":36,"column":null}},"line":27},"1":{"name":"(anonymous_1)","decl":{"start":{"line":29,"column":9},"end":{"line":29,"column":10}},"loc":{"start":{"line":29,"column":20},"end":{"line":32,"column":5}},"line":29},"2":{"name":"validateEnvironment","decl":{"start":{"line":38,"column":16},"end":{"line":38,"column":35}},"loc":{"start":{"line":38,"column":58},"end":{"line":46,"column":null}},"line":38}},"branchMap":{"0":{"loc":{"start":{"line":30,"column":23},"end":{"line":30,"column":60}},"type":"binary-expr","locations":[{"start":{"line":30,"column":23},"end":{"line":30,"column":43}},{"start":{"line":30,"column":47},"end":{"line":30,"column":60}}],"line":30},"1":{"loc":{"start":{"line":38,"column":36},"end":{"line":38,"column":56}},"type":"default-arg","locations":[{"start":{"line":38,"column":45},"end":{"line":38,"column":56}}],"line":38},"2":{"loc":{"start":{"line":41,"column":2},"end":{"line":43,"column":null}},"type":"if","locations":[{"start":{"line":41,"column":2},"end":{"line":43,"column":null}},{"start":{},"end":{}}],"line":41}},"s":{"0":12,"1":12,"2":3,"3":3,"4":3,"5":3,"6":16,"7":16,"8":3,"9":13,"10":12,"11":12,"12":0,"13":0},"f":{"0":3,"1":3,"2":16},"b":{"0":[3,0],"1":[16],"2":[3,13]},"meta":{"lastBranch":3,"lastFunction":3,"lastStatement":14,"seen":{"s:4:0:4:Infinity":0,"s:6:26:25:2":1,"f:27:9:27:31":0,"s:28:18:33:15":2,"f:29:9:29:10":1,"s:30:23:30:60":3,"b:30:23:30:43:30:47:30:60":0,"s:31:6:31:Infinity":4,"s:35:2:35:Infinity":5,"f:38:16:38:35":2,"b:38:45:38:56":1,"s:39:17:39:52":6,"b:41:2:43:Infinity:undefined:undefined:undefined:undefined":2,"s:41:2:43:Infinity":7,"s:42:4:42:Infinity":8,"s:45:2:45:Infinity":9,"s:50:0:55:Infinity":10,"s:51:2:51:Infinity":11,"s:53:2:53:Infinity":12,"s:54:2:54:Infinity":13}}}
,"C:\\My Project\\Axon\\backend\\config\\logger.js": {"path":"C:\\My Project\\Axon\\backend\\config\\logger.js","statementMap":{"0":{"start":{"line":7,"column":17},"end":{"line":7,"column":57}},"1":{"start":{"line":8,"column":20},"end":{"line":10,"column":1}},"2":{"start":{"line":12,"column":20},"end":{"line":18,"column":1}},"3":{"start":{"line":21,"column":2},"end":{"line":29,"column":15}},"4":{"start":{"line":31,"column":15},"end":{"line":31,"column":75}},"5":{"start":{"line":34,"column":2},"end":{"line":34,"column":null}}},"fnMap":{"0":{"name":"createChildLogger","decl":{"start":{"line":33,"column":16},"end":{"line":33,"column":33}},"loc":{"start":{"line":33,"column":43},"end":{"line":35,"column":null}},"line":33}},"branchMap":{"0":{"loc":{"start":{"line":13,"column":9},"end":{"line":13,"column":75}},"type":"cond-expr","locations":[{"start":{"line":13,"column":43},"end":{"line":13,"column":51}},{"start":{"line":13,"column":54},"end":{"line":13,"column":75}}],"line":13},"1":{"loc":{"start":{"line":21,"column":2},"end":{"line":29,"column":15}},"type":"cond-expr","locations":[{"start":{"line":22,"column":6},"end":{"line":28,"column":null}},{"start":{"line":29,"column":6},"end":{"line":29,"column":15}}],"line":21},"2":{"loc":{"start":{"line":31,"column":15},"end":{"line":31,"column":75}},"type":"cond-expr","locations":[{"start":{"line":31,"column":26},"end":{"line":31,"column":55}},{"start":{"line":31,"column":57},"end":{"line":31,"column":75}}],"line":31}},"s":{"0":12,"1":12,"2":12,"3":12,"4":12,"5":31},"f":{"0":31},"b":{"0":[12,0],"1":[0,12],"2":[0,12]},"meta":{"lastBranch":3,"lastFunction":1,"lastStatement":6,"seen":{"s:7:17:7:57":0,"s:8:20:10:1":1,"s:12:20:18:1":2,"b:13:43:13:51:13:54:13:75":0,"s:21:2:29:15":3,"b:22:6:28:Infinity:29:6:29:15":1,"s:31:15:31:75":4,"b:31:26:31:55:31:57:31:75":2,"f:33:16:33:33":0,"s:34:2:34:Infinity":5}}}
,"C:\\My Project\\Axon\\backend\\config\\queue.js": {"path":"C:\\My Project\\Axon\\backend\\config\\queue.js","statementMap":{"0":{"start":{"line":6,"column":14},"end":{"line":6,"column":53}},"1":{"start":{"line":8,"column":24},"end":{"line":15,"column":2}},"2":{"start":{"line":12,"column":18},"end":{"line":12,"column":44}},"3":{"start":{"line":13,"column":4},"end":{"line":13,"column":17}},"4":{"start":{"line":17,"column":0},"end":{"line":19,"column":null}},"5":{"start":{"line":18,"column":2},"end":{"line":18,"column":null}},"6":{"start":{"line":21,"column":0},"end":{"line":23,"column":null}},"7":{"start":{"line":22,"column":2},"end":{"line":22,"column":null}},"8":{"start":{"line":25,"column":27},"end":{"line":42,"column":2}},"9":{"start":{"line":44,"column":27},"end":{"line":60,"column":2}}},"fnMap":{"0":{"name":"(anonymous_0)","decl":{"start":{"line":11,"column":17},"end":{"line":11,"column":18}},"loc":{"start":{"line":11,"column":28},"end":{"line":14,"column":3}},"line":11},"1":{"name":"(anonymous_1)","decl":{"start":{"line":17,"column":30},"end":{"line":17,"column":31}},"loc":{"start":{"line":17,"column":36},"end":{"line":19,"column":1}},"line":17},"2":{"name":"(anonymous_2)","decl":{"start":{"line":21,"column":28},"end":{"line":21,"column":29}},"loc":{"start":{"line":21,"column":37},"end":{"line":23,"column":1}},"line":21}},"branchMap":{},"s":{"0":2,"1":2,"2":20,"3":20,"4":2,"5":0,"6":2,"7":20,"8":2,"9":2},"f":{"0":20,"1":0,"2":20},"b":{},"meta":{"lastBranch":0,"lastFunction":3,"lastStatement":10,"seen":{"s:6:14:6:53":0,"s:8:24:15:2":1,"f:11:17:11:18":0,"s:12:18:12:44":2,"s:13:4:13:17":3,"s:17:0:19:Infinity":4,"f:17:30:17:31":1,"s:18:2:18:Infinity":5,"s:21:0:23:Infinity":6,"f:21:28:21:29":2,"s:22:2:22:Infinity":7,"s:25:27:42:2":8,"s:44:27:60:2":9}}}
,"C:\\My Project\\Axon\\backend\\controllers\\adminC.js": {"path":"C:\\My Project\\Axon\\backend\\controllers\\adminC.js","statementMap":{"0":{"start":{"line":8,"column":14},"end":{"line":8,"column":64}},"1":{"start":{"line":10,"column":27},"end":{"line":36,"column":1}},"2":{"start":{"line":11,"column":2},"end":{"line":35,"column":null}},"3":{"start":{"line":13,"column":20},"end":{"line":13,"column":50}},"4":{"start":{"line":14,"column":24},"end":{"line":14,"column":37}},"5":{"start":{"line":17,"column":20},"end":{"line":17,"column":24}},"6":{"start":{"line":18,"column":4},"end":{"line":22,"column":5}},"7":{"start":{"line":19,"column":6},"end":{"line":19,"column":51}},"8":{"start":{"line":24,"column":4},"end":{"line":31,"column":7}},"9":{"start":{"line":33,"column":4},"end":{"line":33,"column":null}},"10":{"start":{"line":34,"column":4},"end":{"line":34,"column":null}},"11":{"start":{"line":38,"column":24},"end":{"line":77,"column":1}},"12":{"start":{"line":39,"column":2},"end":{"line":76,"column":null}},"13":{"start":{"line":40,"column":22},"end":{"line":40,"column":53}},"14":{"start":{"line":41,"column":24},"end":{"line":41,"column":72}},"15":{"start":{"line":42,"column":25},"end":{"line":42,"column":74}},"16":{"start":{"line":45,"column":25},"end":{"line":47,"column":6}},"17":{"start":{"line":49,"column":22},"end":{"line":58,"column":5}},"18":{"start":{"line":51,"column":23},"end":{"line":51,"column":55}},"19":{"start":{"line":52,"column":8},"end":{"line":56,"column":10}},"20":{"start":{"line":61,"column":18},"end":{"line":61,"column":60}},"21":{"start":{"line":62,"column":27},"end":{"line":64,"column":6}},"22":{"start":{"line":66,"column":4},"end":{"line":72,"column":7}},"23":{"start":{"line":74,"column":4},"end":{"line":74,"column":null}},"24":{"start":{"line":75,"column":4},"end":{"line":75,"column":null}},"25":{"start":{"line":80,"column":25},"end":{"line":110,"column":1}},"26":{"start":{"line":81,"column":2},"end":{"line":109,"column":null}},"27":{"start":{"line":82,"column":23},"end":{"line":82,"column":55}},"28":{"start":{"line":85,"column":18},"end":{"line":85,"column":71}},"29":{"start":{"line":86,"column":17},"end":{"line":88,"column":6}},"30":{"start":{"line":90,"column":24},"end":{"line":90,"column":26}},"31":{"start":{"line":91,"column":4},"end":{"line":93,"column":7}},"32":{"start":{"line":92,"column":6},"end":{"line":92,"column":49}},"33":{"start":{"line":95,"column":21},"end":{"line":100,"column":7}},"34":{"start":{"line":95,"column":39},"end":{"line":100,"column":5}},"35":{"start":{"line":102,"column":4},"end":{"line":105,"column":7}},"36":{"start":{"line":107,"column":4},"end":{"line":107,"column":null}},"37":{"start":{"line":108,"column":4},"end":{"line":108,"column":null}},"38":{"start":{"line":113,"column":26},"end":{"line":124,"column":1}},"39":{"start":{"line":114,"column":2},"end":{"line":123,"column":null}},"40":{"start":{"line":115,"column":17},"end":{"line":118,"column":32}},"41":{"start":{"line":119,"column":4},"end":{"line":119,"column":19}},"42":{"start":{"line":121,"column":4},"end":{"line":121,"column":null}},"43":{"start":{"line":122,"column":4},"end":{"line":122,"column":null}},"44":{"start":{"line":126,"column":27},"end":{"line":134,"column":1}},"45":{"start":{"line":127,"column":2},"end":{"line":133,"column":null}},"46":{"start":{"line":128,"column":18},"end":{"line":128,"column":66}},"47":{"start":{"line":129,"column":4},"end":{"line":129,"column":20}},"48":{"start":{"line":131,"column":4},"end":{"line":131,"column":null}},"49":{"start":{"line":132,"column":4},"end":{"line":132,"column":null}}},"fnMap":{"0":{"name":"(anonymous_0)","decl":{"start":{"line":10,"column":27},"end":{"line":10,"column":32}},"loc":{"start":{"line":10,"column":47},"end":{"line":36,"column":1}},"line":10},"1":{"name":"(anonymous_1)","decl":{"start":{"line":38,"column":24},"end":{"line":38,"column":29}},"loc":{"start":{"line":38,"column":44},"end":{"line":77,"column":1}},"line":38},"2":{"name":"(anonymous_2)","decl":{"start":{"line":50,"column":23},"end":{"line":50,"column":28}},"loc":{"start":{"line":50,"column":38},"end":{"line":57,"column":7}},"line":50},"3":{"name":"(anonymous_3)","decl":{"start":{"line":80,"column":25},"end":{"line":80,"column":30}},"loc":{"start":{"line":80,"column":45},"end":{"line":110,"column":1}},"line":80},"4":{"name":"(anonymous_4)","decl":{"start":{"line":91,"column":17},"end":{"line":91,"column":18}},"loc":{"start":{"line":91,"column":24},"end":{"line":93,"column":5}},"line":91},"5":{"name":"(anonymous_5)","decl":{"start":{"line":95,"column":31},"end":{"line":95,"column":32}},"loc":{"start":{"line":95,"column":39},"end":{"line":100,"column":5}},"line":95},"6":{"name":"(anonymous_6)","decl":{"start":{"line":113,"column":26},"end":{"line":113,"column":31}},"loc":{"start":{"line":113,"column":46},"end":{"line":124,"column":1}},"line":113},"7":{"name":"(anonymous_7)","decl":{"start":{"line":126,"column":27},"end":{"line":126,"column":32}},"loc":{"start":{"line":126,"column":47},"end":{"line":134,"column":1}},"line":126}},"branchMap":{"0":{"loc":{"start":{"line":54,"column":19},"end":{"line":54,"column":44}},"type":"binary-expr","locations":[{"start":{"line":54,"column":19},"end":{"line":54,"column":31}},{"start":{"line":54,"column":35},"end":{"line":54,"column":44}}],"line":54},"1":{"loc":{"start":{"line":99,"column":16},"end":{"line":99,"column":50}},"type":"binary-expr","locations":[{"start":{"line":99,"column":16},"end":{"line":99,"column":45}},{"start":{"line":99,"column":49},"end":{"line":99,"column":50}}],"line":99}},"s":{"0":0,"1":0,"2":0,"3":0,"4":0,"5":0,"6":0,"7":0,"8":0,"9":0,"10":0,"11":0,"12":0,"13":0,"14":0,"15":0,"16":0,"17":0,"18":0,"19":0,"20":0,"21":0,"22":0,"23":0,"24":0,"25":0,"26":0,"27":0,"28":0,"29":0,"30":0,"31":0,"32":0,"33":0,"34":0,"35":0,"36":0,"37":0,"38":0,"39":0,"40":0,"41":0,"42":0,"43":0,"44":0,"45":0,"46":0,"47":0,"48":0,"49":0},"f":{"0":0,"1":0,"2":0,"3":0,"4":0,"5":0,"6":0,"7":0},"b":{"0":[0,0],"1":[0,0]},"meta":{"lastBranch":2,"lastFunction":8,"lastStatement":50,"seen":{"s:8:14:8:64":0,"s:10:27:36:1":1,"f:10:27:10:32":0,"s:11:2:35:Infinity":2,"s:13:20:13:50":3,"s:14:24:14:37":4,"s:17:20:17:24":5,"s:18:4:22:5":6,"s:19:6:19:51":7,"s:24:4:31:7":8,"s:33:4:33:Infinity":9,"s:34:4:34:Infinity":10,"s:38:24:77:1":11,"f:38:24:38:29":1,"s:39:2:76:Infinity":12,"s:40:22:40:53":13,"s:41:24:41:72":14,"s:42:25:42:74":15,"s:45:25:47:6":16,"s:49:22:58:5":17,"f:50:23:50:28":2,"s:51:23:51:55":18,"s:52:8:56:10":19,"b:54:19:54:31:54:35:54:44":0,"s:61:18:61:60":20,"s:62:27:64:6":21,"s:66:4:72:7":22,"s:74:4:74:Infinity":23,"s:75:4:75:Infinity":24,"s:80:25:110:1":25,"f:80:25:80:30":3,"s:81:2:109:Infinity":26,"s:82:23:82:55":27,"s:85:18:85:71":28,"s:86:17:88:6":29,"s:90:24:90:26":30,"s:91:4:93:7":31,"f:91:17:91:18":4,"s:92:6:92:49":32,"s:95:21:100:7":33,"f:95:31:95:32":5,"s:95:39:100:5":34,"b:99:16:99:45:99:49:99:50":1,"s:102:4:105:7":35,"s:107:4:107:Infinity":36,"s:108:4:108:Infinity":37,"s:113:26:124:1":38,"f:113:26:113:31":6,"s:114:2:123:Infinity":39,"s:115:17:118:32":40,"s:119:4:119:19":41,"s:121:4:121:Infinity":42,"s:122:4:122:Infinity":43,"s:126:27:134:1":44,"f:126:27:126:32":7,"s:127:2:133:Infinity":45,"s:128:18:128:66":46,"s:129:4:129:20":47,"s:131:4:131:Infinity":48,"s:132:4:132:Infinity":49}}}
,"C:\\My Project\\Axon\\backend\\controllers\\agentC.js": {"path":"C:\\My Project\\Axon\\backend\\controllers\\agentC.js","statementMap":{"0":{"start":{"line":5,"column":14},"end":{"line":5,"column":64}},"1":{"start":{"line":8,"column":2},"end":{"line":10,"column":null}},"2":{"start":{"line":9,"column":4},"end":{"line":9,"column":null}},"3":{"start":{"line":12,"column":2},"end":{"line":26,"column":null}},"4":{"start":{"line":30,"column":25},"end":{"line":40,"column":1}},"5":{"start":{"line":31,"column":2},"end":{"line":39,"column":3}},"6":{"start":{"line":32,"column":19},"end":{"line":34,"column":40}},"7":{"start":{"line":35,"column":4},"end":{"line":35,"column":40}},"8":{"start":{"line":37,"column":4},"end":{"line":37,"column":null}},"9":{"start":{"line":38,"column":4},"end":{"line":38,"column":null}},"10":{"start":{"line":43,"column":28},"end":{"line":63,"column":1}},"11":{"start":{"line":44,"column":2},"end":{"line":62,"column":3}},"12":{"start":{"line":45,"column":18},"end":{"line":48,"column":24}},"13":{"start":{"line":50,"column":4},"end":{"line":52,"column":5}},"14":{"start":{"line":51,"column":6},"end":{"line":51,"column":66}},"15":{"start":{"line":54,"column":22},"end":{"line":54,"column":65}},"16":{"start":{"line":55,"column":4},"end":{"line":55,"column":null}},"17":{"start":{"line":57,"column":4},"end":{"line":60,"column":null}},"18":{"start":{"line":61,"column":4},"end":{"line":61,"column":null}}},"fnMap":{"0":{"name":"mergeTelemetry","decl":{"start":{"line":7,"column":9},"end":{"line":7,"column":23}},"loc":{"start":{"line":7,"column":42},"end":{"line":27,"column":null}},"line":7},"1":{"name":"(anonymous_1)","decl":{"start":{"line":30,"column":25},"end":{"line":30,"column":30}},"loc":{"start":{"line":30,"column":45},"end":{"line":40,"column":1}},"line":30},"2":{"name":"(anonymous_2)","decl":{"start":{"line":43,"column":28},"end":{"line":43,"column":33}},"loc":{"start":{"line":43,"column":48},"end":{"line":63,"column":1}},"line":43}},"branchMap":{"0":{"loc":{"start":{"line":8,"column":2},"end":{"line":10,"column":null}},"type":"if","locations":[{"start":{"line":8,"column":2},"end":{"line":10,"column":null}},{"start":{},"end":{}}],"line":8},"1":{"loc":{"start":{"line":14,"column":12},"end":{"line":14,"column":64}},"type":"cond-expr","locations":[{"start":{"line":14,"column":44},"end":{"line":14,"column":52}},{"start":{"line":14,"column":55},"end":{"line":14,"column":64}}],"line":14},"2":{"loc":{"start":{"line":15,"column":14},"end":{"line":17,"column":22}},"type":"cond-expr","locations":[{"start":{"line":16,"column":8},"end":{"line":16,"column":null}},{"start":{"line":17,"column":8},"end":{"line":17,"column":22}}],"line":15},"3":{"loc":{"start":{"line":50,"column":4},"end":{"line":52,"column":5}},"type":"if","locations":[{"start":{"line":50,"column":4},"end":{"line":52,"column":5}},{"start":{},"end":{}}],"line":50}},"s":{"0":0,"1":0,"2":0,"3":0,"4":0,"5":0,"6":0,"7":0,"8":0,"9":0,"10":0,"11":0,"12":0,"13":0,"14":0,"15":0,"16":0,"17":0,"18":0},"f":{"0":0,"1":0,"2":0},"b":{"0":[0,0],"1":[0,0],"2":[0,0],"3":[0,0]},"meta":{"lastBranch":4,"lastFunction":3,"lastStatement":19,"seen":{"s:5:14:5:64":0,"f:7:9:7:23":0,"b:8:2:10:Infinity:undefined:undefined:undefined:undefined":0,"s:8:2:10:Infinity":1,"s:9:4:9:Infinity":2,"s:12:2:26:Infinity":3,"b:14:44:14:52:14:55:14:64":1,"b:16:8:16:Infinity:17:8:17:22":2,"s:30:25:40:1":4,"f:30:25:30:30":1,"s:31:2:39:3":5,"s:32:19:34:40":6,"s:35:4:35:40":7,"s:37:4:37:Infinity":8,"s:38:4:38:Infinity":9,"s:43:28:63:1":10,"f:43:28:43:33":2,"s:44:2:62:3":11,"s:45:18:48:24":12,"b:50:4:52:5:undefined:undefined:undefined:undefined":3,"s:50:4:52:5":13,"s:51:6:51:66":14,"s:54:22:54:65":15,"s:55:4:55:Infinity":16,"s:57:4:60:Infinity":17,"s:61:4:61:Infinity":18}}}
,"C:\\My Project\\Axon\\backend\\controllers\\agentProvisioningC.js": {"path":"C:\\My Project\\Axon\\backend\\controllers\\agentProvisioningC.js","statementMap":{"0":{"start":{"line":10,"column":14},"end":{"line":10,"column":77}},"1":{"start":{"line":11,"column":21},"end":{"line":11,"column":71}},"2":{"start":{"line":14,"column":2},"end":{"line":14,"column":null}},"3":{"start":{"line":18,"column":2},"end":{"line":20,"column":null}},"4":{"start":{"line":19,"column":4},"end":{"line":19,"column":null}},"5":{"start":{"line":22,"column":2},"end":{"line":28,"column":null}},"6":{"start":{"line":24,"column":48},"end":{"line":27,"column":5}},"7":{"start":{"line":32,"column":2},"end":{"line":34,"column":null}},"8":{"start":{"line":33,"column":4},"end":{"line":33,"column":null}},"9":{"start":{"line":36,"column":15},"end":{"line":36,"column":84}},"10":{"start":{"line":38,"column":2},"end":{"line":42,"column":null}},"11":{"start":{"line":39,"column":4},"end":{"line":41,"column":null}},"12":{"start":{"line":40,"column":6},"end":{"line":40,"column":null}},"13":{"start":{"line":44,"column":2},"end":{"line":44,"column":null}},"14":{"start":{"line":48,"column":2},"end":{"line":66,"column":null}},"15":{"start":{"line":49,"column":4},"end":{"line":63,"column":null}},"16":{"start":{"line":65,"column":4},"end":{"line":65,"column":null}},"17":{"start":{"line":70,"column":21},"end":{"line":70,"column":60}},"18":{"start":{"line":71,"column":21},"end":{"line":71,"column":56}},"19":{"start":{"line":72,"column":2},"end":{"line":74,"column":null}},"20":{"start":{"line":73,"column":4},"end":{"line":73,"column":null}},"21":{"start":{"line":76,"column":2},"end":{"line":112,"column":null}},"22":{"start":{"line":77,"column":19},"end":{"line":77,"column":44}},"23":{"start":{"line":78,"column":16},"end":{"line":78,"column":45}},"24":{"start":{"line":80,"column":4},"end":{"line":82,"column":null}},"25":{"start":{"line":81,"column":6},"end":{"line":81,"column":null}},"26":{"start":{"line":84,"column":35},"end":{"line":84,"column":50}},"27":{"start":{"line":85,"column":26},"end":{"line":85,"column":79}},"28":{"start":{"line":87,"column":4},"end":{"line":93,"column":null}},"29":{"start":{"line":88,"column":6},"end":{"line":92,"column":null}},"30":{"start":{"line":95,"column":25},"end":{"line":95,"column":46}},"31":{"start":{"line":96,"column":18},"end":{"line":102,"column":6}},"32":{"start":{"line":104,"column":4},"end":{"line":108,"column":null}},"33":{"start":{"line":110,"column":4},"end":{"line":110,"column":null}},"34":{"start":{"line":111,"column":4},"end":{"line":111,"column":null}},"35":{"start":{"line":116,"column":2},"end":{"line":149,"column":null}},"36":{"start":{"line":117,"column":18},"end":{"line":121,"column":6}},"37":{"start":{"line":123,"column":4},"end":{"line":125,"column":null}},"38":{"start":{"line":124,"column":6},"end":{"line":124,"column":null}},"39":{"start":{"line":127,"column":25},"end":{"line":127,"column":46}},"40":{"start":{"line":128,"column":4},"end":{"line":128,"column":null}},"41":{"start":{"line":129,"column":4},"end":{"line":129,"column":null}},"42":{"start":{"line":130,"column":4},"end":{"line":130,"column":null}},"43":{"start":{"line":132,"column":4},"end":{"line":137,"column":null}},"44":{"start":{"line":139,"column":4},"end":{"line":142,"column":null}},"45":{"start":{"line":144,"column":4},"end":{"line":147,"column":null}},"46":{"start":{"line":148,"column":4},"end":{"line":148,"column":null}},"47":{"start":{"line":153,"column":2},"end":{"line":189,"column":null}},"48":{"start":{"line":154,"column":18},"end":{"line":157,"column":6}},"49":{"start":{"line":159,"column":4},"end":{"line":161,"column":null}},"50":{"start":{"line":160,"column":6},"end":{"line":160,"column":null}},"51":{"start":{"line":163,"column":4},"end":{"line":163,"column":null}},"52":{"start":{"line":164,"column":4},"end":{"line":164,"column":null}},"53":{"start":{"line":165,"column":4},"end":{"line":165,"column":null}},"54":{"start":{"line":167,"column":15},"end":{"line":167,"column":32}},"55":{"start":{"line":168,"column":4},"end":{"line":170,"column":null}},"56":{"start":{"line":169,"column":6},"end":{"line":169,"column":null}},"57":{"start":{"line":172,"column":4},"end":{"line":177,"column":null}},"58":{"start":{"line":179,"column":4},"end":{"line":182,"column":null}},"59":{"start":{"line":184,"column":4},"end":{"line":187,"column":null}},"60":{"start":{"line":188,"column":4},"end":{"line":188,"column":null}}},"fnMap":{"0":{"name":"generateAgentApiKey","decl":{"start":{"line":13,"column":9},"end":{"line":13,"column":28}},"loc":{"start":{"line":13,"column":31},"end":{"line":15,"column":null}},"line":13},"1":{"name":"validationResponse","decl":{"start":{"line":17,"column":9},"end":{"line":17,"column":27}},"loc":{"start":{"line":17,"column":41},"end":{"line":29,"column":null}},"line":17},"2":{"name":"(anonymous_2)","decl":{"start":{"line":24,"column":36},"end":{"line":24,"column":37}},"loc":{"start":{"line":24,"column":48},"end":{"line":27,"column":5}},"line":24},"3":{"name":"findOrgByApiKey","decl":{"start":{"line":31,"column":15},"end":{"line":31,"column":30}},"loc":{"start":{"line":31,"column":39},"end":{"line":45,"column":null}},"line":31},"4":{"name":"writeAgentAudit","decl":{"start":{"line":47,"column":15},"end":{"line":47,"column":30}},"loc":{"start":{"line":47,"column":65},"end":{"line":67,"column":null}},"line":47},"5":{"name":"registerAgent","decl":{"start":{"line":69,"column":22},"end":{"line":69,"column":35}},"loc":{"start":{"line":69,"column":46},"end":{"line":113,"column":null}},"line":69},"6":{"name":"rotateAgentKey","decl":{"start":{"line":115,"column":22},"end":{"line":115,"column":36}},"loc":{"start":{"line":115,"column":47},"end":{"line":150,"column":null}},"line":115},"7":{"name":"decommissionAgent","decl":{"start":{"line":152,"column":22},"end":{"line":152,"column":39}},"loc":{"start":{"line":152,"column":50},"end":{"line":190,"column":null}},"line":152}},"branchMap":{"0":{"loc":{"start":{"line":18,"column":2},"end":{"line":20,"column":null}},"type":"if","locations":[{"start":{"line":18,"column":2},"end":{"line":20,"column":null}},{"start":{},"end":{}}],"line":18},"1":{"loc":{"start":{"line":32,"column":2},"end":{"line":34,"column":null}},"type":"if","locations":[{"start":{"line":32,"column":2},"end":{"line":34,"column":null}},{"start":{},"end":{}}],"line":32},"2":{"loc":{"start":{"line":39,"column":4},"end":{"line":41,"column":null}},"type":"if","locations":[{"start":{"line":39,"column":4},"end":{"line":41,"column":null}},{"start":{},"end":{}}],"line":39},"3":{"loc":{"start":{"line":54,"column":19},"end":{"line":54,"column":38}},"type":"binary-expr","locations":[{"start":{"line":54,"column":19},"end":{"line":54,"column":25}},{"start":{"line":54,"column":29},"end":{"line":54,"column":38}}],"line":54},"4":{"loc":{"start":{"line":55,"column":19},"end":{"line":55,"column":53}},"type":"binary-expr","locations":[{"start":{"line":55,"column":19},"end":{"line":55,"column":40}},{"start":{"line":55,"column":44},"end":{"line":55,"column":53}}],"line":55},"5":{"loc":{"start":{"line":72,"column":2},"end":{"line":74,"column":null}},"type":"if","locations":[{"start":{"line":72,"column":2},"end":{"line":74,"column":null}},{"start":{},"end":{}}],"line":72},"6":{"loc":{"start":{"line":80,"column":4},"end":{"line":82,"column":null}},"type":"if","locations":[{"start":{"line":80,"column":4},"end":{"line":82,"column":null}},{"start":{},"end":{}}],"line":80},"7":{"loc":{"start":{"line":87,"column":4},"end":{"line":93,"column":null}},"type":"if","locations":[{"start":{"line":87,"column":4},"end":{"line":93,"column":null}},{"start":{},"end":{}}],"line":87},"8":{"loc":{"start":{"line":123,"column":4},"end":{"line":125,"column":null}},"type":"if","locations":[{"start":{"line":123,"column":4},"end":{"line":125,"column":null}},{"start":{},"end":{}}],"line":123},"9":{"loc":{"start":{"line":159,"column":4},"end":{"line":161,"column":null}},"type":"if","locations":[{"start":{"line":159,"column":4},"end":{"line":161,"column":null}},{"start":{},"end":{}}],"line":159},"10":{"loc":{"start":{"line":163,"column":29},"end":{"line":163,"column":65}},"type":"binary-expr","locations":[{"start":{"line":163,"column":29},"end":{"line":163,"column":51}},{"start":{"line":163,"column":55},"end":{"line":163,"column":65}}],"line":163},"11":{"loc":{"start":{"line":168,"column":4},"end":{"line":170,"column":null}},"type":"if","locations":[{"start":{"line":168,"column":4},"end":{"line":170,"column":null}},{"start":{},"end":{}}],"line":168},"12":{"loc":{"start":{"line":168,"column":8},"end":{"line":168,"column":28}},"type":"binary-expr","locations":[{"start":{"line":168,"column":8},"end":{"line":168,"column":10}},{"start":{"line":168,"column":14},"end":{"line":168,"column":28}}],"line":168}},"s":{"0":2,"1":2,"2":10,"3":13,"4":13,"5":0,"6":0,"7":13,"8":1,"9":12,"10":12,"11":12,"12":11,"13":1,"14":2,"15":2,"16":0,"17":13,"18":13,"19":13,"20":0,"21":13,"22":13,"23":13,"24":13,"25":2,"26":11,"27":11,"28":11,"29":2,"30":9,"31":9,"32":9,"33":0,"34":0,"35":1,"36":1,"37":1,"38":0,"39":1,"40":1,"41":1,"42":1,"43":1,"44":1,"45":0,"46":0,"47":1,"48":1,"49":1,"50":0,"51":1,"52":1,"53":1,"54":1,"55":1,"56":1,"57":1,"58":1,"59":0,"60":0},"f":{"0":10,"1":13,"2":0,"3":13,"4":2,"5":13,"6":1,"7":1},"b":{"0":[13,0],"1":[1,12],"2":[11,1],"3":[2,0],"4":[2,2],"5":[0,13],"6":[2,11],"7":[2,9],"8":[0,1],"9":[0,1],"10":[1,1],"11":[1,0],"12":[1,1]},"meta":{"lastBranch":13,"lastFunction":8,"lastStatement":61,"seen":{"s:10:14:10:77":0,"s:11:21:11:71":1,"f:13:9:13:28":0,"s:14:2:14:Infinity":2,"f:17:9:17:27":1,"b:18:2:20:Infinity:undefined:undefined:undefined:undefined":0,"s:18:2:20:Infinity":3,"s:19:4:19:Infinity":4,"s:22:2:28:Infinity":5,"f:24:36:24:37":2,"s:24:48:27:5":6,"f:31:15:31:30":3,"b:32:2:34:Infinity:undefined:undefined:undefined:undefined":1,"s:32:2:34:Infinity":7,"s:33:4:33:Infinity":8,"s:36:15:36:84":9,"s:38:2:42:Infinity":10,"b:39:4:41:Infinity:undefined:undefined:undefined:undefined":2,"s:39:4:41:Infinity":11,"s:40:6:40:Infinity":12,"s:44:2:44:Infinity":13,"f:47:15:47:30":4,"s:48:2:66:Infinity":14,"s:49:4:63:Infinity":15,"b:54:19:54:25:54:29:54:38":3,"b:55:19:55:40:55:44:55:53":4,"s:65:4:65:Infinity":16,"f:69:22:69:35":5,"s:70:21:70:60":17,"s:71:21:71:56":18,"b:72:2:74:Infinity:undefined:undefined:undefined:undefined":5,"s:72:2:74:Infinity":19,"s:73:4:73:Infinity":20,"s:76:2:112:Infinity":21,"s:77:19:77:44":22,"s:78:16:78:45":23,"b:80:4:82:Infinity:undefined:undefined:undefined:undefined":6,"s:80:4:82:Infinity":24,"s:81:6:81:Infinity":25,"s:84:35:84:50":26,"s:85:26:85:79":27,"b:87:4:93:Infinity:undefined:undefined:undefined:undefined":7,"s:87:4:93:Infinity":28,"s:88:6:92:Infinity":29,"s:95:25:95:46":30,"s:96:18:102:6":31,"s:104:4:108:Infinity":32,"s:110:4:110:Infinity":33,"s:111:4:111:Infinity":34,"f:115:22:115:36":6,"s:116:2:149:Infinity":35,"s:117:18:121:6":36,"b:123:4:125:Infinity:undefined:undefined:undefined:undefined":8,"s:123:4:125:Infinity":37,"s:124:6:124:Infinity":38,"s:127:25:127:46":39,"s:128:4:128:Infinity":40,"s:129:4:129:Infinity":41,"s:130:4:130:Infinity":42,"s:132:4:137:Infinity":43,"s:139:4:142:Infinity":44,"s:144:4:147:Infinity":45,"s:148:4:148:Infinity":46,"f:152:22:152:39":7,"s:153:2:189:Infinity":47,"s:154:18:157:6":48,"b:159:4:161:Infinity:undefined:undefined:undefined:undefined":9,"s:159:4:161:Infinity":49,"s:160:6:160:Infinity":50,"s:163:4:163:Infinity":51,"b:163:29:163:51:163:55:163:65":10,"s:164:4:164:Infinity":52,"s:165:4:165:Infinity":53,"s:167:15:167:32":54,"b:168:4:170:Infinity:undefined:undefined:undefined:undefined":11,"s:168:4:170:Infinity":55,"b:168:8:168:10:168:14:168:28":12,"s:169:6:169:Infinity":56,"s:172:4:177:Infinity":57,"s:179:4:182:Infinity":58,"s:184:4:187:Infinity":59,"s:188:4:188:Infinity":60}}}
,"C:\\My Project\\Axon\\backend\\controllers\\auditC.js": {"path":"C:\\My Project\\Axon\\backend\\controllers\\auditC.js","statementMap":{"0":{"start":{"line":6,"column":14},"end":{"line":6,"column":64}},"1":{"start":{"line":9,"column":2},"end":{"line":24,"column":null}},"2":{"start":{"line":10,"column":20},"end":{"line":15,"column":5}},"3":{"start":{"line":17,"column":4},"end":{"line":17,"column":null}},"4":{"start":{"line":19,"column":4},"end":{"line":22,"column":null}},"5":{"start":{"line":23,"column":4},"end":{"line":23,"column":null}},"6":{"start":{"line":28,"column":2},"end":{"line":38,"column":null}},"7":{"start":{"line":29,"column":18},"end":{"line":29,"column":38}},"8":{"start":{"line":30,"column":20},"end":{"line":32,"column":27}},"9":{"start":{"line":34,"column":4},"end":{"line":34,"column":null}},"10":{"start":{"line":36,"column":4},"end":{"line":36,"column":null}},"11":{"start":{"line":37,"column":4},"end":{"line":37,"column":null}},"12":{"start":{"line":42,"column":2},"end":{"line":52,"column":null}},"13":{"start":{"line":43,"column":18},"end":{"line":43,"column":39}},"14":{"start":{"line":44,"column":20},"end":{"line":46,"column":27}},"15":{"start":{"line":48,"column":4},"end":{"line":48,"column":null}},"16":{"start":{"line":50,"column":4},"end":{"line":50,"column":null}},"17":{"start":{"line":51,"column":4},"end":{"line":51,"column":null}},"18":{"start":{"line":56,"column":20},"end":{"line":56,"column":49}},"19":{"start":{"line":57,"column":18},"end":{"line":57,"column":45}},"20":{"start":{"line":59,"column":2},"end":{"line":64,"column":null}},"21":{"start":{"line":63,"column":4},"end":{"line":63,"column":null}},"22":{"start":{"line":66,"column":2},"end":{"line":78,"column":null}},"23":{"start":{"line":67,"column":20},"end":{"line":72,"column":5}},"24":{"start":{"line":74,"column":4},"end":{"line":74,"column":null}},"25":{"start":{"line":76,"column":4},"end":{"line":76,"column":null}},"26":{"start":{"line":77,"column":4},"end":{"line":77,"column":null}},"27":{"start":{"line":82,"column":2},"end":{"line":99,"column":null}},"28":{"start":{"line":83,"column":24},"end":{"line":86,"column":6}},"29":{"start":{"line":88,"column":4},"end":{"line":90,"column":null}},"30":{"start":{"line":89,"column":6},"end":{"line":89,"column":null}},"31":{"start":{"line":92,"column":4},"end":{"line":92,"column":null}},"32":{"start":{"line":94,"column":4},"end":{"line":97,"column":null}},"33":{"start":{"line":98,"column":4},"end":{"line":98,"column":null}},"34":{"start":{"line":103,"column":2},"end":{"line":123,"column":null}},"35":{"start":{"line":104,"column":24},"end":{"line":107,"column":6}},"36":{"start":{"line":109,"column":4},"end":{"line":111,"column":null}},"37":{"start":{"line":110,"column":6},"end":{"line":110,"column":null}},"38":{"start":{"line":113,"column":18},"end":{"line":113,"column":65}},"39":{"start":{"line":114,"column":17},"end":{"line":114,"column":62}},"40":{"start":{"line":116,"column":4},"end":{"line":116,"column":null}},"41":{"start":{"line":118,"column":4},"end":{"line":121,"column":null}},"42":{"start":{"line":122,"column":4},"end":{"line":122,"column":null}}},"fnMap":{"0":{"name":"getAuditHistoryForJob","decl":{"start":{"line":8,"column":22},"end":{"line":8,"column":43}},"loc":{"start":{"line":8,"column":54},"end":{"line":25,"column":null}},"line":8},"1":{"name":"getRecentAuditActivity","decl":{"start":{"line":27,"column":22},"end":{"line":27,"column":44}},"loc":{"start":{"line":27,"column":55},"end":{"line":39,"column":null}},"line":27},"2":{"name":"getAuditLogLines","decl":{"start":{"line":41,"column":22},"end":{"line":41,"column":38}},"loc":{"start":{"line":41,"column":49},"end":{"line":53,"column":null}},"line":41},"3":{"name":"exportAuditHistory","decl":{"start":{"line":55,"column":22},"end":{"line":55,"column":40}},"loc":{"start":{"line":55,"column":51},"end":{"line":79,"column":null}},"line":55},"4":{"name":"getAuditRun","decl":{"start":{"line":81,"column":22},"end":{"line":81,"column":33}},"loc":{"start":{"line":81,"column":44},"end":{"line":100,"column":null}},"line":81},"5":{"name":"getAuditRunLogs","decl":{"start":{"line":102,"column":22},"end":{"line":102,"column":37}},"loc":{"start":{"line":102,"column":48},"end":{"line":124,"column":null}},"line":102}},"branchMap":{"0":{"loc":{"start":{"line":13,"column":6},"end":{"line":13,"column":27}},"type":"binary-expr","locations":[{"start":{"line":13,"column":6},"end":{"line":13,"column":21}},{"start":{"line":13,"column":25},"end":{"line":13,"column":27}}],"line":13},"1":{"loc":{"start":{"line":14,"column":6},"end":{"line":14,"column":25}},"type":"binary-expr","locations":[{"start":{"line":14,"column":6},"end":{"line":14,"column":20}},{"start":{"line":14,"column":24},"end":{"line":14,"column":25}}],"line":14},"2":{"loc":{"start":{"line":29,"column":18},"end":{"line":29,"column":38}},"type":"binary-expr","locations":[{"start":{"line":29,"column":18},"end":{"line":29,"column":33}},{"start":{"line":29,"column":37},"end":{"line":29,"column":38}}],"line":29},"3":{"loc":{"start":{"line":43,"column":18},"end":{"line":43,"column":39}},"type":"binary-expr","locations":[{"start":{"line":43,"column":18},"end":{"line":43,"column":33}},{"start":{"line":43,"column":37},"end":{"line":43,"column":39}}],"line":43},"4":{"loc":{"start":{"line":59,"column":2},"end":{"line":64,"column":null}},"type":"if","locations":[{"start":{"line":59,"column":2},"end":{"line":64,"column":null}},{"start":{},"end":{}}],"line":59},"5":{"loc":{"start":{"line":60,"column":4},"end":{"line":61,"column":null}},"type":"binary-expr","locations":[{"start":{"line":60,"column":4},"end":{"line":60,"column":37}},{"start":{"line":61,"column":4},"end":{"line":61,"column":null}}],"line":60},"6":{"loc":{"start":{"line":71,"column":6},"end":{"line":71,"column":28}},"type":"binary-expr","locations":[{"start":{"line":71,"column":6},"end":{"line":71,"column":21}},{"start":{"line":71,"column":25},"end":{"line":71,"column":28}}],"line":71},"7":{"loc":{"start":{"line":88,"column":4},"end":{"line":90,"column":null}},"type":"if","locations":[{"start":{"line":88,"column":4},"end":{"line":90,"column":null}},{"start":{},"end":{}}],"line":88},"8":{"loc":{"start":{"line":109,"column":4},"end":{"line":111,"column":null}},"type":"if","locations":[{"start":{"line":109,"column":4},"end":{"line":111,"column":null}},{"start":{},"end":{}}],"line":109},"9":{"loc":{"start":{"line":113,"column":18},"end":{"line":113,"column":65}},"type":"cond-expr","locations":[{"start":{"line":113,"column":36},"end":{"line":113,"column":59}},{"start":{"line":113,"column":62},"end":{"line":113,"column":65}}],"line":113}},"s":{"0":3,"1":4,"2":4,"3":4,"4":0,"5":0,"6":0,"7":0,"8":0,"9":0,"10":0,"11":0,"12":0,"13":0,"14":0,"15":0,"16":0,"17":0,"18":3,"19":3,"20":3,"21":1,"22":2,"23":2,"24":2,"25":0,"26":0,"27":0,"28":0,"29":0,"30":0,"31":0,"32":0,"33":0,"34":0,"35":0,"36":0,"37":0,"38":0,"39":0,"40":0,"41":0,"42":0},"f":{"0":4,"1":0,"2":0,"3":3,"4":0,"5":0},"b":{"0":[4,4],"1":[4,4],"2":[0,0],"3":[0,0],"4":[1,2],"5":[3,2],"6":[2,2],"7":[0,0],"8":[0,0],"9":[0,0]},"meta":{"lastBranch":10,"lastFunction":6,"lastStatement":43,"seen":{"s:6:14:6:64":0,"f:8:22:8:43":0,"s:9:2:24:Infinity":1,"s:10:20:15:5":2,"b:13:6:13:21:13:25:13:27":0,"b:14:6:14:20:14:24:14:25":1,"s:17:4:17:Infinity":3,"s:19:4:22:Infinity":4,"s:23:4:23:Infinity":5,"f:27:22:27:44":1,"s:28:2:38:Infinity":6,"s:29:18:29:38":7,"b:29:18:29:33:29:37:29:38":2,"s:30:20:32:27":8,"s:34:4:34:Infinity":9,"s:36:4:36:Infinity":10,"s:37:4:37:Infinity":11,"f:41:22:41:38":2,"s:42:2:52:Infinity":12,"s:43:18:43:39":13,"b:43:18:43:33:43:37:43:39":3,"s:44:20:46:27":14,"s:48:4:48:Infinity":15,"s:50:4:50:Infinity":16,"s:51:4:51:Infinity":17,"f:55:22:55:40":3,"s:56:20:56:49":18,"s:57:18:57:45":19,"b:59:2:64:Infinity:undefined:undefined:undefined:undefined":4,"s:59:2:64:Infinity":20,"b:60:4:60:37:61:4:61:Infinity":5,"s:63:4:63:Infinity":21,"s:66:2:78:Infinity":22,"s:67:20:72:5":23,"b:71:6:71:21:71:25:71:28":6,"s:74:4:74:Infinity":24,"s:76:4:76:Infinity":25,"s:77:4:77:Infinity":26,"f:81:22:81:33":4,"s:82:2:99:Infinity":27,"s:83:24:86:6":28,"b:88:4:90:Infinity:undefined:undefined:undefined:undefined":7,"s:88:4:90:Infinity":29,"s:89:6:89:Infinity":30,"s:92:4:92:Infinity":31,"s:94:4:97:Infinity":32,"s:98:4:98:Infinity":33,"f:102:22:102:37":5,"s:103:2:123:Infinity":34,"s:104:24:107:6":35,"b:109:4:111:Infinity:undefined:undefined:undefined:undefined":8,"s:109:4:111:Infinity":36,"s:110:6:110:Infinity":37,"s:113:18:113:65":38,"b:113:36:113:59:113:62:113:65":9,"s:114:17:114:62":39,"s:116:4:116:Infinity":40,"s:118:4:121:Infinity":41,"s:122:4:122:Infinity":42}}}
,"C:\\My Project\\Axon\\backend\\controllers\\jobC.js": {"path":"C:\\My Project\\Axon\\backend\\controllers\\jobC.js","statementMap":{"0":{"start":{"line":9,"column":17},"end":{"line":9,"column":31}},"1":{"start":{"line":10,"column":14},"end":{"line":10,"column":62}},"2":{"start":{"line":14,"column":2},"end":{"line":14,"column":27}},"3":{"start":{"line":17,"column":25},"end":{"line":155,"column":1}},"4":{"start":{"line":18,"column":2},"end":{"line":154,"column":null}},"5":{"start":{"line":41,"column":8},"end":{"line":41,"column":16}},"6":{"start":{"line":43,"column":19},"end":{"line":43,"column":30}},"7":{"start":{"line":44,"column":17},"end":{"line":44,"column":49}},"8":{"start":{"line":46,"column":4},"end":{"line":48,"column":5}},"9":{"start":{"line":47,"column":6},"end":{"line":47,"column":65}},"10":{"start":{"line":50,"column":4},"end":{"line":52,"column":5}},"11":{"start":{"line":51,"column":6},"end":{"line":51,"column":74}},"12":{"start":{"line":54,"column":4},"end":{"line":56,"column":5}},"13":{"start":{"line":55,"column":6},"end":{"line":55,"column":67}},"14":{"start":{"line":58,"column":4},"end":{"line":70,"column":5}},"15":{"start":{"line":59,"column":6},"end":{"line":63,"column":7}},"16":{"start":{"line":60,"column":8},"end":{"line":62,"column":76}},"17":{"start":{"line":64,"column":11},"end":{"line":70,"column":5}},"18":{"start":{"line":65,"column":6},"end":{"line":69,"column":7}},"19":{"start":{"line":66,"column":8},"end":{"line":68,"column":70}},"20":{"start":{"line":72,"column":34},"end":{"line":75,"column":5}},"21":{"start":{"line":76,"column":4},"end":{"line":78,"column":5}},"22":{"start":{"line":77,"column":6},"end":{"line":77,"column":76}},"23":{"start":{"line":81,"column":21},"end":{"line":83,"column":51}},"24":{"start":{"line":85,"column":19},"end":{"line":108,"column":6}},"25":{"start":{"line":110,"column":26},"end":{"line":113,"column":5}},"26":{"start":{"line":114,"column":4},"end":{"line":118,"column":5}},"27":{"start":{"line":115,"column":6},"end":{"line":117,"column":9}},"28":{"start":{"line":120,"column":4},"end":{"line":120,"column":null}},"29":{"start":{"line":122,"column":4},"end":{"line":146,"column":null}},"30":{"start":{"line":123,"column":6},"end":{"line":144,"column":null}},"31":{"start":{"line":145,"column":6},"end":{"line":145,"column":null}},"32":{"start":{"line":148,"column":4},"end":{"line":150,"column":66}},"33":{"start":{"line":152,"column":4},"end":{"line":152,"column":null}},"34":{"start":{"line":153,"column":4},"end":{"line":153,"column":null}},"35":{"start":{"line":157,"column":23},"end":{"line":175,"column":1}},"36":{"start":{"line":158,"column":2},"end":{"line":174,"column":null}},"37":{"start":{"line":159,"column":17},"end":{"line":161,"column":43}},"38":{"start":{"line":164,"column":26},"end":{"line":168,"column":6}},"39":{"start":{"line":165,"column":21},"end":{"line":165,"column":35}},"40":{"start":{"line":166,"column":6},"end":{"line":166,"column":45}},"41":{"start":{"line":167,"column":6},"end":{"line":167,"column":20}},"42":{"start":{"line":170,"column":4},"end":{"line":170,"column":47}},"43":{"start":{"line":172,"column":4},"end":{"line":172,"column":null}},"44":{"start":{"line":173,"column":4},"end":{"line":173,"column":null}},"45":{"start":{"line":177,"column":26},"end":{"line":200,"column":1}},"46":{"start":{"line":178,"column":2},"end":{"line":199,"column":null}},"47":{"start":{"line":179,"column":22},"end":{"line":179,"column":32}},"48":{"start":{"line":180,"column":16},"end":{"line":182,"column":43}},"49":{"start":{"line":184,"column":4},"end":{"line":186,"column":5}},"50":{"start":{"line":185,"column":6},"end":{"line":185,"column":64}},"51":{"start":{"line":189,"column":19},"end":{"line":189,"column":33}},"52":{"start":{"line":190,"column":4},"end":{"line":190,"column":43}},"53":{"start":{"line":192,"column":4},"end":{"line":192,"column":40}},"54":{"start":{"line":194,"column":4},"end":{"line":197,"column":null}},"55":{"start":{"line":198,"column":4},"end":{"line":198,"column":null}},"56":{"start":{"line":202,"column":25},"end":{"line":354,"column":1}},"57":{"start":{"line":203,"column":2},"end":{"line":353,"column":null}},"58":{"start":{"line":204,"column":22},"end":{"line":204,"column":32}},"59":{"start":{"line":206,"column":16},"end":{"line":209,"column":6}},"60":{"start":{"line":210,"column":4},"end":{"line":212,"column":5}},"61":{"start":{"line":211,"column":6},"end":{"line":211,"column":64}},"62":{"start":{"line":214,"column":24},"end":{"line":214,"column":36}},"63":{"start":{"line":235,"column":8},"end":{"line":235,"column":16}},"64":{"start":{"line":237,"column":4},"end":{"line":237,"column":44}},"65":{"start":{"line":237,"column":28},"end":{"line":237,"column":44}},"66":{"start":{"line":238,"column":4},"end":{"line":238,"column":62}},"67":{"start":{"line":238,"column":34},"end":{"line":238,"column":62}},"68":{"start":{"line":241,"column":4},"end":{"line":243,"column":5}},"69":{"start":{"line":242,"column":6},"end":{"line":242,"column":35}},"70":{"start":{"line":245,"column":4},"end":{"line":250,"column":5}},"71":{"start":{"line":246,"column":6},"end":{"line":248,"column":7}},"72":{"start":{"line":247,"column":8},"end":{"line":247,"column":69}},"73":{"start":{"line":249,"column":6},"end":{"line":249,"column":22}},"74":{"start":{"line":251,"column":4},"end":{"line":251,"column":65}},"75":{"start":{"line":251,"column":35},"end":{"line":251,"column":65}},"76":{"start":{"line":252,"column":4},"end":{"line":252,"column":56}},"77":{"start":{"line":252,"column":32},"end":{"line":252,"column":56}},"78":{"start":{"line":253,"column":4},"end":{"line":253,"column":56}},"79":{"start":{"line":253,"column":32},"end":{"line":253,"column":56}},"80":{"start":{"line":254,"column":4},"end":{"line":254,"column":44}},"81":{"start":{"line":254,"column":28},"end":{"line":254,"column":44}},"82":{"start":{"line":255,"column":4},"end":{"line":255,"column":53}},"83":{"start":{"line":255,"column":31},"end":{"line":255,"column":53}},"84":{"start":{"line":256,"column":4},"end":{"line":256,"column":71}},"85":{"start":{"line":256,"column":37},"end":{"line":256,"column":71}},"86":{"start":{"line":257,"column":4},"end":{"line":257,"column":77}},"87":{"start":{"line":257,"column":39},"end":{"line":257,"column":77}},"88":{"start":{"line":258,"column":4},"end":{"line":258,"column":68}},"89":{"start":{"line":258,"column":36},"end":{"line":258,"column":68}},"90":{"start":{"line":259,"column":4},"end":{"line":259,"column":56}},"91":{"start":{"line":259,"column":32},"end":{"line":259,"column":56}},"92":{"start":{"line":260,"column":4},"end":{"line":262,"column":5}},"93":{"start":{"line":261,"column":6},"end":{"line":261,"column":30}},"94":{"start":{"line":263,"column":4},"end":{"line":263,"column":53}},"95":{"start":{"line":263,"column":31},"end":{"line":263,"column":53}},"96":{"start":{"line":265,"column":4},"end":{"line":285,"column":5}},"97":{"start":{"line":266,"column":36},"end":{"line":269,"column":7}},"98":{"start":{"line":270,"column":6},"end":{"line":272,"column":7}},"99":{"start":{"line":271,"column":8},"end":{"line":271,"column":78}},"100":{"start":{"line":274,"column":28},"end":{"line":277,"column":7}},"101":{"start":{"line":278,"column":6},"end":{"line":282,"column":7}},"102":{"start":{"line":279,"column":8},"end":{"line":281,"column":11}},"103":{"start":{"line":284,"column":6},"end":{"line":284,"column":57}},"104":{"start":{"line":287,"column":26},"end":{"line":287,"column":62}},"105":{"start":{"line":288,"column":29},"end":{"line":288,"column":74}},"106":{"start":{"line":290,"column":4},"end":{"line":302,"column":5}},"107":{"start":{"line":291,"column":6},"end":{"line":295,"column":7}},"108":{"start":{"line":292,"column":8},"end":{"line":294,"column":76}},"109":{"start":{"line":296,"column":11},"end":{"line":302,"column":5}},"110":{"start":{"line":297,"column":6},"end":{"line":301,"column":7}},"111":{"start":{"line":298,"column":8},"end":{"line":300,"column":70}},"112":{"start":{"line":304,"column":4},"end":{"line":304,"column":53}},"113":{"start":{"line":304,"column":31},"end":{"line":304,"column":53}},"114":{"start":{"line":305,"column":4},"end":{"line":305,"column":62}},"115":{"start":{"line":305,"column":34},"end":{"line":305,"column":62}},"116":{"start":{"line":307,"column":4},"end":{"line":307,"column":21}},"117":{"start":{"line":309,"column":21},"end":{"line":309,"column":36}},"118":{"start":{"line":311,"column":4},"end":{"line":319,"column":null}},"119":{"start":{"line":312,"column":6},"end":{"line":316,"column":null}},"120":{"start":{"line":318,"column":6},"end":{"line":318,"column":null}},"121":{"start":{"line":321,"column":4},"end":{"line":344,"column":5}},"122":{"start":{"line":322,"column":6},"end":{"line":343,"column":8}},"123":{"start":{"line":346,"column":4},"end":{"line":346,"column":78}},"124":{"start":{"line":348,"column":4},"end":{"line":351,"column":null}},"125":{"start":{"line":352,"column":4},"end":{"line":352,"column":null}},"126":{"start":{"line":356,"column":25},"end":{"line":391,"column":1}},"127":{"start":{"line":357,"column":2},"end":{"line":390,"column":null}},"128":{"start":{"line":358,"column":22},"end":{"line":358,"column":32}},"129":{"start":{"line":359,"column":19},"end":{"line":359,"column":30}},"130":{"start":{"line":361,"column":16},"end":{"line":365,"column":6}},"131":{"start":{"line":366,"column":4},"end":{"line":368,"column":5}},"132":{"start":{"line":367,"column":6},"end":{"line":367,"column":64}},"133":{"start":{"line":370,"column":21},"end":{"line":370,"column":36}},"134":{"start":{"line":372,"column":4},"end":{"line":380,"column":null}},"135":{"start":{"line":373,"column":6},"end":{"line":377,"column":null}},"136":{"start":{"line":379,"column":6},"end":{"line":379,"column":null}},"137":{"start":{"line":382,"column":4},"end":{"line":382,"column":null}},"138":{"start":{"line":383,"column":4},"end":{"line":383,"column":null}},"139":{"start":{"line":385,"column":4},"end":{"line":388,"column":null}},"140":{"start":{"line":389,"column":4},"end":{"line":389,"column":null}},"141":{"start":{"line":393,"column":31},"end":{"line":455,"column":1}},"142":{"start":{"line":394,"column":2},"end":{"line":454,"column":null}},"143":{"start":{"line":395,"column":22},"end":{"line":395,"column":32}},"144":{"start":{"line":396,"column":19},"end":{"line":396,"column":30}},"145":{"start":{"line":397,"column":16},"end":{"line":401,"column":6}},"146":{"start":{"line":402,"column":4},"end":{"line":404,"column":5}},"147":{"start":{"line":403,"column":6},"end":{"line":403,"column":64}},"148":{"start":{"line":406,"column":4},"end":{"line":406,"column":31}},"149":{"start":{"line":407,"column":4},"end":{"line":407,"column":21}},"150":{"start":{"line":409,"column":21},"end":{"line":409,"column":36}},"151":{"start":{"line":411,"column":4},"end":{"line":444,"column":null}},"152":{"start":{"line":412,"column":6},"end":{"line":433,"column":8}},"153":{"start":{"line":435,"column":6},"end":{"line":443,"column":null}},"154":{"start":{"line":436,"column":8},"end":{"line":440,"column":null}},"155":{"start":{"line":442,"column":8},"end":{"line":442,"column":null}},"156":{"start":{"line":445,"column":4},"end":{"line":447,"column":65}},"157":{"start":{"line":449,"column":4},"end":{"line":452,"column":null}},"158":{"start":{"line":453,"column":4},"end":{"line":453,"column":null}},"159":{"start":{"line":457,"column":25},"end":{"line":501,"column":1}},"160":{"start":{"line":458,"column":2},"end":{"line":500,"column":null}},"161":{"start":{"line":459,"column":22},"end":{"line":459,"column":32}},"162":{"start":{"line":460,"column":16},"end":{"line":463,"column":6}},"163":{"start":{"line":465,"column":4},"end":{"line":467,"column":5}},"164":{"start":{"line":466,"column":6},"end":{"line":466,"column":64}},"165":{"start":{"line":469,"column":4},"end":{"line":490,"column":null}},"166":{"start":{"line":491,"column":4},"end":{"line":491,"column":null}},"167":{"start":{"line":493,"column":4},"end":{"line":493,"column":null}},"168":{"start":{"line":495,"column":4},"end":{"line":498,"column":null}},"169":{"start":{"line":499,"column":4},"end":{"line":499,"column":null}},"170":{"start":{"line":504,"column":2},"end":{"line":506,"column":3}},"171":{"start":{"line":505,"column":4},"end":{"line":505,"column":45}},"172":{"start":{"line":508,"column":21},"end":{"line":510,"column":3}},"173":{"start":{"line":509,"column":12},"end":{"line":509,"column":48}},"174":{"start":{"line":511,"column":2},"end":{"line":516,"column":3}},"175":{"start":{"line":512,"column":4},"end":{"line":515,"column":6}},"176":{"start":{"line":518,"column":25},"end":{"line":521,"column":4}},"177":{"start":{"line":523,"column":2},"end":{"line":532,"column":3}},"178":{"start":{"line":524,"column":21},"end":{"line":524,"column":68}},"179":{"start":{"line":524,"column":49},"end":{"line":524,"column":67}},"180":{"start":{"line":525,"column":23},"end":{"line":525,"column":71}},"181":{"start":{"line":525,"column":48},"end":{"line":525,"column":70}},"182":{"start":{"line":526,"column":4},"end":{"line":531,"column":6}},"183":{"start":{"line":534,"column":2},"end":{"line":534,"column":50}},"184":{"start":{"line":543,"column":19},"end":{"line":543,"column":35}},"185":{"start":{"line":545,"column":2},"end":{"line":550,"column":3}},"186":{"start":{"line":546,"column":4},"end":{"line":549,"column":6}},"187":{"start":{"line":552,"column":2},"end":{"line":552,"column":24}},"188":{"start":{"line":553,"column":2},"end":{"line":553,"column":22}},"189":{"start":{"line":555,"column":2},"end":{"line":569,"column":3}},"190":{"start":{"line":556,"column":19},"end":{"line":556,"column":69}},"191":{"start":{"line":558,"column":4},"end":{"line":568,"column":5}},"192":{"start":{"line":559,"column":21},"end":{"line":564,"column":7}},"193":{"start":{"line":565,"column":6},"end":{"line":567,"column":7}},"194":{"start":{"line":566,"column":8},"end":{"line":566,"column":22}},"195":{"start":{"line":570,"column":2},"end":{"line":570,"column":43}}},"fnMap":{"0":{"name":"prepareSinkForQueue","decl":{"start":{"line":13,"column":9},"end":{"line":13,"column":28}},"loc":{"start":{"line":13,"column":35},"end":{"line":15,"column":1}},"line":13},"1":{"name":"(anonymous_1)","decl":{"start":{"line":17,"column":25},"end":{"line":17,"column":30}},"loc":{"start":{"line":17,"column":45},"end":{"line":155,"column":1}},"line":17},"2":{"name":"(anonymous_2)","decl":{"start":{"line":157,"column":23},"end":{"line":157,"column":28}},"loc":{"start":{"line":157,"column":43},"end":{"line":175,"column":1}},"line":157},"3":{"name":"(anonymous_3)","decl":{"start":{"line":164,"column":35},"end":{"line":164,"column":36}},"loc":{"start":{"line":164,"column":44},"end":{"line":168,"column":5}},"line":164},"4":{"name":"(anonymous_4)","decl":{"start":{"line":177,"column":26},"end":{"line":177,"column":31}},"loc":{"start":{"line":177,"column":46},"end":{"line":200,"column":1}},"line":177},"5":{"name":"(anonymous_5)","decl":{"start":{"line":202,"column":25},"end":{"line":202,"column":30}},"loc":{"start":{"line":202,"column":45},"end":{"line":354,"column":1}},"line":202},"6":{"name":"(anonymous_6)","decl":{"start":{"line":356,"column":25},"end":{"line":356,"column":30}},"loc":{"start":{"line":356,"column":45},"end":{"line":391,"column":1}},"line":356},"7":{"name":"(anonymous_7)","decl":{"start":{"line":393,"column":31},"end":{"line":393,"column":36}},"loc":{"start":{"line":393,"column":51},"end":{"line":455,"column":1}},"line":393},"8":{"name":"(anonymous_8)","decl":{"start":{"line":457,"column":25},"end":{"line":457,"column":30}},"loc":{"start":{"line":457,"column":45},"end":{"line":501,"column":1}},"line":457},"9":{"name":"validateDependencies","decl":{"start":{"line":503,"column":15},"end":{"line":503,"column":35}},"loc":{"start":{"line":503,"column":54},"end":{"line":535,"column":1}},"line":503},"10":{"name":"(anonymous_10)","decl":{"start":{"line":509,"column":4},"end":{"line":509,"column":5}},"loc":{"start":{"line":509,"column":12},"end":{"line":509,"column":48}},"line":509},"11":{"name":"(anonymous_11)","decl":{"start":{"line":524,"column":40},"end":{"line":524,"column":41}},"loc":{"start":{"line":524,"column":49},"end":{"line":524,"column":67}},"line":524},"12":{"name":"(anonymous_12)","decl":{"start":{"line":525,"column":40},"end":{"line":525,"column":41}},"loc":{"start":{"line":525,"column":48},"end":{"line":525,"column":70}},"line":525},"13":{"name":"checkCircularDependency","decl":{"start":{"line":537,"column":15},"end":{"line":537,"column":38}},"loc":{"start":{"line":542,"column":2},"end":{"line":571,"column":1}},"line":542}},"branchMap":{"0":{"loc":{"start":{"line":46,"column":4},"end":{"line":48,"column":5}},"type":"if","locations":[{"start":{"line":46,"column":4},"end":{"line":48,"column":5}},{"start":{},"end":{}}],"line":46},"1":{"loc":{"start":{"line":50,"column":4},"end":{"line":52,"column":5}},"type":"if","locations":[{"start":{"line":50,"column":4},"end":{"line":52,"column":5}},{"start":{},"end":{}}],"line":50},"2":{"loc":{"start":{"line":50,"column":8},"end":{"line":50,"column":47}},"type":"binary-expr","locations":[{"start":{"line":50,"column":8},"end":{"line":50,"column":13}},{"start":{"line":50,"column":17},"end":{"line":50,"column":22}},{"start":{"line":50,"column":26},"end":{"line":50,"column":35}},{"start":{"line":50,"column":39},"end":{"line":50,"column":47}}],"line":50},"3":{"loc":{"start":{"line":54,"column":4},"end":{"line":56,"column":5}},"type":"if","locations":[{"start":{"line":54,"column":4},"end":{"line":56,"column":5}},{"start":{},"end":{}}],"line":54},"4":{"loc":{"start":{"line":58,"column":4},"end":{"line":70,"column":5}},"type":"if","locations":[{"start":{"line":58,"column":4},"end":{"line":70,"column":5}},{"start":{"line":64,"column":11},"end":{"line":70,"column":5}}],"line":58},"5":{"loc":{"start":{"line":59,"column":6},"end":{"line":63,"column":7}},"type":"if","locations":[{"start":{"line":59,"column":6},"end":{"line":63,"column":7}},{"start":{},"end":{}}],"line":59},"6":{"loc":{"start":{"line":59,"column":10},"end":{"line":59,"column":41}},"type":"binary-expr","locations":[{"start":{"line":59,"column":10},"end":{"line":59,"column":22}},{"start":{"line":59,"column":26},"end":{"line":59,"column":41}}],"line":59},"7":{"loc":{"start":{"line":64,"column":11},"end":{"line":70,"column":5}},"type":"if","locations":[{"start":{"line":64,"column":11},"end":{"line":70,"column":5}},{"start":{},"end":{}}],"line":64},"8":{"loc":{"start":{"line":65,"column":6},"end":{"line":69,"column":7}},"type":"if","locations":[{"start":{"line":65,"column":6},"end":{"line":69,"column":7}},{"start":{},"end":{}}],"line":65},"9":{"loc":{"start":{"line":76,"column":4},"end":{"line":78,"column":5}},"type":"if","locations":[{"start":{"line":76,"column":4},"end":{"line":78,"column":5}},{"start":{},"end":{}}],"line":76},"10":{"loc":{"start":{"line":81,"column":21},"end":{"line":83,"column":51}},"type":"cond-expr","locations":[{"start":{"line":82,"column":7},"end":{"line":82,"column":25}},{"start":{"line":83,"column":8},"end":{"line":83,"column":51}}],"line":81},"11":{"loc":{"start":{"line":97,"column":14},"end":{"line":97,"column":32}},"type":"binary-expr","locations":[{"start":{"line":97,"column":14},"end":{"line":97,"column":20}},{"start":{"line":97,"column":24},"end":{"line":97,"column":32}}],"line":97},"12":{"loc":{"start":{"line":98,"column":17},"end":{"line":98,"column":34}},"type":"binary-expr","locations":[{"start":{"line":98,"column":17},"end":{"line":98,"column":26}},{"start":{"line":98,"column":30},"end":{"line":98,"column":34}}],"line":98},"13":{"loc":{"start":{"line":114,"column":4},"end":{"line":118,"column":5}},"type":"if","locations":[{"start":{"line":114,"column":4},"end":{"line":118,"column":5}},{"start":{},"end":{}}],"line":114},"14":{"loc":{"start":{"line":122,"column":4},"end":{"line":146,"column":null}},"type":"if","locations":[{"start":{"line":122,"column":4},"end":{"line":146,"column":null}},{"start":{},"end":{}}],"line":122},"15":{"loc":{"start":{"line":131,"column":23},"end":{"line":131,"column":42}},"type":"binary-expr","locations":[{"start":{"line":131,"column":23},"end":{"line":131,"column":29}},{"start":{"line":131,"column":33},"end":{"line":131,"column":42}}],"line":131},"16":{"loc":{"start":{"line":132,"column":23},"end":{"line":132,"column":57}},"type":"binary-expr","locations":[{"start":{"line":132,"column":23},"end":{"line":132,"column":44}},{"start":{"line":132,"column":48},"end":{"line":132,"column":57}}],"line":132},"17":{"loc":{"start":{"line":184,"column":4},"end":{"line":186,"column":5}},"type":"if","locations":[{"start":{"line":184,"column":4},"end":{"line":186,"column":5}},{"start":{},"end":{}}],"line":184},"18":{"loc":{"start":{"line":210,"column":4},"end":{"line":212,"column":5}},"type":"if","locations":[{"start":{"line":210,"column":4},"end":{"line":212,"column":5}},{"start":{},"end":{}}],"line":210},"19":{"loc":{"start":{"line":237,"column":4},"end":{"line":237,"column":44}},"type":"if","locations":[{"start":{"line":237,"column":4},"end":{"line":237,"column":44}},{"start":{},"end":{}}],"line":237},"20":{"loc":{"start":{"line":238,"column":4},"end":{"line":238,"column":62}},"type":"if","locations":[{"start":{"line":238,"column":4},"end":{"line":238,"column":62}},{"start":{},"end":{}}],"line":238},"21":{"loc":{"start":{"line":241,"column":4},"end":{"line":243,"column":5}},"type":"if","locations":[{"start":{"line":241,"column":4},"end":{"line":243,"column":5}},{"start":{},"end":{}}],"line":241},"22":{"loc":{"start":{"line":245,"column":4},"end":{"line":250,"column":5}},"type":"if","locations":[{"start":{"line":245,"column":4},"end":{"line":250,"column":5}},{"start":{},"end":{}}],"line":245},"23":{"loc":{"start":{"line":246,"column":6},"end":{"line":248,"column":7}},"type":"if","locations":[{"start":{"line":246,"column":6},"end":{"line":248,"column":7}},{"start":{},"end":{}}],"line":246},"24":{"loc":{"start":{"line":251,"column":4},"end":{"line":251,"column":65}},"type":"if","locations":[{"start":{"line":251,"column":4},"end":{"line":251,"column":65}},{"start":{},"end":{}}],"line":251},"25":{"loc":{"start":{"line":252,"column":4},"end":{"line":252,"column":56}},"type":"if","locations":[{"start":{"line":252,"column":4},"end":{"line":252,"column":56}},{"start":{},"end":{}}],"line":252},"26":{"loc":{"start":{"line":253,"column":4},"end":{"line":253,"column":56}},"type":"if","locations":[{"start":{"line":253,"column":4},"end":{"line":253,"column":56}},{"start":{},"end":{}}],"line":253},"27":{"loc":{"start":{"line":254,"column":4},"end":{"line":254,"column":44}},"type":"if","locations":[{"start":{"line":254,"column":4},"end":{"line":254,"column":44}},{"start":{},"end":{}}],"line":254},"28":{"loc":{"start":{"line":255,"column":4},"end":{"line":255,"column":53}},"type":"if","locations":[{"start":{"line":255,"column":4},"end":{"line":255,"column":53}},{"start":{},"end":{}}],"line":255},"29":{"loc":{"start":{"line":256,"column":4},"end":{"line":256,"column":71}},"type":"if","locations":[{"start":{"line":256,"column":4},"end":{"line":256,"column":71}},{"start":{},"end":{}}],"line":256},"30":{"loc":{"start":{"line":257,"column":4},"end":{"line":257,"column":77}},"type":"if","locations":[{"start":{"line":257,"column":4},"end":{"line":257,"column":77}},{"start":{},"end":{}}],"line":257},"31":{"loc":{"start":{"line":258,"column":4},"end":{"line":258,"column":68}},"type":"if","locations":[{"start":{"line":258,"column":4},"end":{"line":258,"column":68}},{"start":{},"end":{}}],"line":258},"32":{"loc":{"start":{"line":259,"column":4},"end":{"line":259,"column":56}},"type":"if","locations":[{"start":{"line":259,"column":4},"end":{"line":259,"column":56}},{"start":{},"end":{}}],"line":259},"33":{"loc":{"start":{"line":260,"column":4},"end":{"line":262,"column":5}},"type":"if","locations":[{"start":{"line":260,"column":4},"end":{"line":262,"column":5}},{"start":{},"end":{}}],"line":260},"34":{"loc":{"start":{"line":263,"column":4},"end":{"line":263,"column":53}},"type":"if","locations":[{"start":{"line":263,"column":4},"end":{"line":263,"column":53}},{"start":{},"end":{}}],"line":263},"35":{"loc":{"start":{"line":265,"column":4},"end":{"line":285,"column":5}},"type":"if","locations":[{"start":{"line":265,"column":4},"end":{"line":285,"column":5}},{"start":{},"end":{}}],"line":265},"36":{"loc":{"start":{"line":270,"column":6},"end":{"line":272,"column":7}},"type":"if","locations":[{"start":{"line":270,"column":6},"end":{"line":272,"column":7}},{"start":{},"end":{}}],"line":270},"37":{"loc":{"start":{"line":278,"column":6},"end":{"line":282,"column":7}},"type":"if","locations":[{"start":{"line":278,"column":6},"end":{"line":2
[...]
"line":51,"column":48},"end":{"line":51,"column":null}}],"line":51},"6":{"loc":{"start":{"line":57,"column":6},"end":{"line":57,"column":null}},"type":"cond-expr","locations":[{"start":{"line":57,"column":48},"end":{"line":57,"column":53}},{"start":{"line":57,"column":53},"end":{"line":57,"column":null}}],"line":57},"7":{"loc":{"start":{"line":57,"column":6},"end":{"line":57,"column":48}},"type":"binary-expr","locations":[{"start":{"line":57,"column":6},"end":{"line":57,"column":30}},{"start":{"line":57,"column":30},"end":{"line":57,"column":48}}],"line":57},"8":{"loc":{"start":{"line":58,"column":19},"end":{"line":58,"column":null}},"type":"binary-expr","locations":[{"start":{"line":58,"column":19},"end":{"line":58,"column":28}},{"start":{"line":58,"column":28},"end":{"line":58,"column":null}}],"line":58},"9":{"loc":{"start":{"line":63,"column":2},"end":{"line":65,"column":null}},"type":"if","locations":[{"start":{"line":63,"column":2},"end":{"line":65,"column":null}},{"start":{},"end":{}}],"line":63},"10":{"loc":{"start":{"line":75,"column":2},"end":{"line":79,"column":null}},"type":"if","locations":[{"start":{"line":75,"column":2},"end":{"line":79,"column":null}},{"start":{},"end":{}}],"line":75},"11":{"loc":{"start":{"line":82,"column":4},"end":{"line":84,"column":null}},"type":"if","locations":[{"start":{"line":82,"column":4},"end":{"line":84,"column":null}},{"start":{},"end":{}}],"line":82},"12":{"loc":{"start":{"line":107,"column":2},"end":{"line":109,"column":null}},"type":"if","locations":[{"start":{"line":107,"column":2},"end":{"line":109,"column":null}},{"start":{},"end":{}}],"line":107},"13":{"loc":{"start":{"line":128,"column":32},"end":{"line":128,"column":63}},"type":"cond-expr","locations":[{"start":{"line":128,"column":46},"end":{"line":128,"column":55}},{"start":{"line":128,"column":55},"end":{"line":128,"column":63}}],"line":128},"14":{"loc":{"start":{"line":139,"column":17},"end":{"line":139,"column":null}},"type":"binary-expr","locations":[{"start":{"line":139,"column":17},"end":{"line":139,"column":32}},{"start":{"line":139,"column":32},"end":{"line":139,"column":null}}],"line":139},"15":{"loc":{"start":{"line":148,"column":2},"end":{"line":150,"column":null}},"type":"if","locations":[{"start":{"line":148,"column":2},"end":{"line":150,"column":null}},{"start":{},"end":{}}],"line":148},"16":{"loc":{"start":{"line":153,"column":2},"end":{"line":169,"column":null}},"type":"if","locations":[{"start":{"line":153,"column":2},"end":{"line":169,"column":null}},{"start":{},"end":{}}],"line":153},"17":{"loc":{"start":{"line":176,"column":4},"end":{"line":187,"column":null}},"type":"if","locations":[{"start":{"line":176,"column":4},"end":{"line":187,"column":null}},{"start":{},"end":{}}],"line":176},"18":{"loc":{"start":{"line":176,"column":8},"end":{"line":176,"column":43}},"type":"binary-expr","locations":[{"start":{"line":176,"column":8},"end":{"line":176,"column":21}},{"start":{"line":176,"column":21},"end":{"line":176,"column":43}}],"line":176},"19":{"loc":{"start":{"line":180,"column":6},"end":{"line":185,"column":null}},"type":"if","locations":[{"start":{"line":180,"column":6},"end":{"line":185,"column":null}},{"start":{},"end":{}}],"line":180},"20":{"loc":{"start":{"line":189,"column":4},"end":{"line":222,"column":null}},"type":"if","locations":[{"start":{"line":189,"column":4},"end":{"line":222,"column":null}},{"start":{"line":201,"column":11},"end":{"line":222,"column":null}}],"line":189},"21":{"loc":{"start":{"line":201,"column":11},"end":{"line":222,"column":null}},"type":"if","locations":[{"start":{"line":201,"column":11},"end":{"line":222,"column":null}},{"start":{},"end":{}}],"line":201},"22":{"loc":{"start":{"line":204,"column":6},"end":{"line":208,"column":null}},"type":"if","locations":[{"start":{"line":204,"column":6},"end":{"line":208,"column":null}},{"start":{},"end":{}}],"line":204},"23":{"loc":{"start":{"line":204,"column":10},"end":{"line":204,"column":37}},"type":"binary-expr","locations":[{"start":{"line":204,"column":10},"end":{"line":204,"column":20}},{"start":{"line":204,"column":20},"end":{"line":204,"column":37}}],"line":204},"24":{"loc":{"start":{"line":219,"column":6},"end":{"line":219,"column":null}},"type":"if","locations":[{"start":{"line":219,"column":6},"end":{"line":219,"column":null}},{"start":{},"end":{}}],"line":219},"25":{"loc":{"start":{"line":224,"column":4},"end":{"line":241,"column":null}},"type":"if","locations":[{"start":{"line":224,"column":4},"end":{"line":241,"column":null}},{"start":{},"end":{}}],"line":224},"26":{"loc":{"start":{"line":224,"column":8},"end":{"line":224,"column":70}},"type":"binary-expr","locations":[{"start":{"line":224,"column":8},"end":{"line":224,"column":16}},{"start":{"line":224,"column":16},"end":{"line":224,"column":41}},{"start":{"line":224,"column":41},"end":{"line":224,"column":53}},{"start":{"line":224,"column":53},"end":{"line":224,"column":70}}],"line":224},"27":{"loc":{"start":{"line":229,"column":27},"end":{"line":229,"column":null}},"type":"cond-expr","locations":[{"start":{"line":229,"column":41},"end":{"line":229,"column":55}},{"start":{"line":229,"column":55},"end":{"line":229,"column":null}}],"line":229},"28":{"loc":{"start":{"line":246,"column":4},"end":{"line":251,"column":null}},"type":"if","locations":[{"start":{"line":246,"column":4},"end":{"line":251,"column":null}},{"start":{},"end":{}}],"line":246},"29":{"loc":{"start":{"line":256,"column":6},"end":{"line":256,"column":null}},"type":"cond-expr","locations":[{"start":{"line":256,"column":38},"end":{"line":256,"column":50}},{"start":{"line":256,"column":50},"end":{"line":256,"column":null}}],"line":256},"30":{"loc":{"start":{"line":256,"column":50},"end":{"line":256,"column":null}},"type":"cond-expr","locations":[{"start":{"line":256,"column":73},"end":{"line":256,"column":87}},{"start":{"line":256,"column":87},"end":{"line":256,"column":null}}],"line":256},"31":{"loc":{"start":{"line":266,"column":18},"end":{"line":266,"column":null}},"type":"binary-expr","locations":[{"start":{"line":266,"column":18},"end":{"line":266,"column":39}},{"start":{"line":266,"column":39},"end":{"line":266,"column":null}}],"line":266},"32":{"loc":{"start":{"line":266,"column":39},"end":{"line":266,"column":null}},"type":"cond-expr","locations":[{"start":{"line":266,"column":62},"end":{"line":266,"column":66}},{"start":{"line":266,"column":66},"end":{"line":266,"column":null}}],"line":266},"33":{"loc":{"start":{"line":280,"column":18},"end":{"line":280,"column":null}},"type":"binary-expr","locations":[{"start":{"line":280,"column":18},"end":{"line":280,"column":39}},{"start":{"line":280,"column":39},"end":{"line":280,"column":null}}],"line":280},"34":{"loc":{"start":{"line":280,"column":39},"end":{"line":280,"column":null}},"type":"cond-expr","locations":[{"start":{"line":280,"column":62},"end":{"line":280,"column":66}},{"start":{"line":280,"column":66},"end":{"line":280,"column":null}}],"line":280},"35":{"loc":{"start":{"line":283,"column":12},"end":{"line":285,"column":null}},"type":"cond-expr","locations":[{"start":{"line":284,"column":16},"end":{"line":284,"column":null}},{"start":{"line":285,"column":16},"end":{"line":285,"column":null}}],"line":283},"36":{"loc":{"start":{"line":285,"column":16},"end":{"line":285,"column":null}},"type":"binary-expr","locations":[{"start":{"line":285,"column":16},"end":{"line":285,"column":34}},{"start":{"line":285,"column":34},"end":{"line":285,"column":null}}],"line":285},"37":{"loc":{"start":{"line":286,"column":18},"end":{"line":286,"column":null}},"type":"binary-expr","locations":[{"start":{"line":286,"column":18},"end":{"line":286,"column":27}},{"start":{"line":286,"column":27},"end":{"line":286,"column":45}},{"start":{"line":286,"column":45},"end":{"line":286,"column":null}}],"line":286},"38":{"loc":{"start":{"line":294,"column":4},"end":{"line":307,"column":null}},"type":"if","locations":[{"start":{"line":294,"column":4},"end":{"line":307,"column":null}},{"start":{},"end":{}}],"line":294},"39":{"loc":{"start":{"line":317,"column":31},"end":{"line":322,"column":null}},"type":"cond-expr","locations":[{"start":{"line":318,"column":4},"end":{"line":321,"column":null}},{"start":{"line":322,"column":4},"end":{"line":322,"column":null}}],"line":317},"40":{"loc":{"start":{"line":324,"column":31},"end":{"line":329,"column":null}},"type":"cond-expr","locations":[{"start":{"line":325,"column":4},"end":{"line":328,"column":null}},{"start":{"line":329,"column":4},"end":{"line":329,"column":null}}],"line":324},"41":{"loc":{"start":{"line":331,"column":0},"end":{"line":341,"column":null}},"type":"if","locations":[{"start":{"line":331,"column":0},"end":{"line":341,"column":null}},{"start":{},"end":{}}],"line":331},"42":{"loc":{"start":{"line":331,"column":4},"end":{"line":331,"column":40}},"type":"binary-expr","locations":[{"start":{"line":331,"column":4},"end":{"line":331,"column":23}},{"start":{"line":331,"column":23},"end":{"line":331,"column":40}}],"line":331}},"s":{"0":2,"1":4,"2":4,"3":4,"4":0,"5":0,"6":0,"7":3,"8":1,"9":2,"10":7,"11":0,"12":7,"13":7,"14":0,"15":1,"16":0,"17":0,"18":1,"19":2,"20":1,"21":1,"22":1,"23":2,"24":1,"25":1,"26":1,"27":1,"28":2,"29":4,"30":0,"31":4,"32":4,"33":4,"34":4,"35":4,"36":4,"37":4,"38":4,"39":4,"40":4,"41":4,"42":1,"43":4,"44":4,"45":1,"46":1,"47":1,"48":3,"49":3,"50":3,"51":3,"52":3,"53":1,"54":1,"55":1,"56":1,"57":1,"58":1,"59":0,"60":2,"61":0,"62":0,"63":0,"64":2,"65":2,"66":2,"67":2,"68":0,"69":2,"70":2,"71":1,"72":0,"73":1,"74":1,"75":1,"76":0,"77":0,"78":0,"79":0,"80":0,"81":0,"82":0,"83":0,"84":0,"85":2,"86":2,"87":2,"88":2,"89":0,"90":3,"91":3,"92":4,"93":3,"94":3,"95":3,"96":3,"97":3,"98":0,"99":3,"100":0,"101":0,"102":0,"103":0,"104":3,"105":3,"106":2,"107":2,"108":2,"109":2,"110":0,"111":0,"112":0,"113":0,"114":0},"f":{"0":4,"1":4,"2":3,"3":7,"4":1,"5":0,"6":2,"7":2,"8":1,"9":4,"10":1,"11":0,"12":0},"b":{"0":[4,0],"1":[0,0],"2":[1,2],"3":[3,2],"4":[1,0],"5":[1,1,1],"6":[2,0],"7":[2,2],"8":[3,0],"9":[0,7],"10":[0,1],"11":[1,1],"12":[0,4],"13":[0,4],"14":[4,0],"15":[1,3],"16":[1,3],"17":[1,2],"18":[3,3],"19":[1,0],"20":[0,2],"21":[2,0],"22":[0,2],"23":[2,2],"24":[0,1],"25":[0,1],"26":[1,1,0,0],"27":[0,0],"28":[0,2],"29":[0,3],"30":[1,2],"31":[3,3],"32":[1,2],"33":[3,3],"34":[1,2],"35":[3,0],"36":[0,0],"37":[4,1,1],"38":[0,3],"39":[0,2],"40":[0,2],"41":[0,2],"42":[2,0]},"meta":{"lastBranch":43,"lastFunction":13,"lastStatement":115,"seen":{"s:29:6:29:Infinity":0,"f:31:16:31:35":0,"s:32:2:32:Infinity":1,"f:35:9:35:25":1,"b:36:2:38:Infinity:undefined:undefined:undefined:undefined":0,"s:36:2:38:Infinity":2,"s:37:4:37:Infinity":3,"b:40:2:42:Infinity:undefined:undefined:undefined:undefined":1,"s:40:2:42:Infinity":4,"s:41:4:41:Infinity":5,"s:44:2:44:Infinity":6,"f:47:9:47:28":2,"b:48:2:53:Infinity:undefined:undefined:undefined:undefined":2,"s:48:2:53:Infinity":7,"b:48:6:48:38:48:38:48:68":3,"s:49:4:52:Infinity":8,"b:50:21:50:39:50:39:50:Infinity":4,"b:51:21:51:30:51:30:51:48:51:48:51:Infinity":5,"s:55:2:59:Infinity":9,"b:57:48:57:53:57:53:57:Infinity":6,"b:57:6:57:30:57:30:57:48":7,"b:58:19:58:28:58:28:58:Infinity":8,"f:62:15:62:37":3,"b:63:2:65:Infinity:undefined:undefined:undefined:undefined":9,"s:63:2:65:Infinity":10,"s:64:4:64:Infinity":11,"s:67:2:71:Infinity":12,"s:68:4:68:Infinity":13,"s:70:4:70:Infinity":14,"f:74:15:74:36":4,"b:75:2:79:Infinity:undefined:undefined:undefined:undefined":10,"s:75:2:79:Infinity":15,"s:76:4:78:Infinity":16,"f:77:27:77:32":5,"s:77:32:77:78":17,"s:81:23:100:Infinity":18,"f:81:23:81:30":6,"b:82:4:84:Infinity:undefined:undefined:undefined:undefined":11,"s:82:4:84:Infinity":19,"s:83:6:83:Infinity":20,"s:86:24:86:Infinity":21,"s:87:18:89:Infinity":22,"f:89:7:89:15":7,"s:89:24:89:39":23,"s:91:4:99:Infinity":24,"f:92:12:92:17":8,"s:92:23:97:Infinity":25,"s:102:2:102:Infinity":26,"s:103:2:103:Infinity":27,"s:106:28:313:Infinity":28,"f:106:28:106:35":9,"b:107:2:109:Infinity:undefined:undefined:undefined:undefined":12,"s:107:2:109:Infinity":29,"s:108:4:108:Infinity":30,"s:120:6:120:Infinity":31,"s:121:20:126:Infinity":32,"s:128:2:128:Infinity":33,"b:128:46:128:55:128:55:128:63":13,"s:130:15:130:Infinity":34,"s:131:15:131:Infinity":35,"s:132:14:132:Infinity":36,"s:133:20:133:Infinity":37,"s:134:19:134:Infinity":38,"s:135:22:146:Infinity":39,"b:139:17:139:32:139:32:139:Infinity":14,"s:147:18:147:Infinity":40,"b:148:2:150:Infinity:undefined:undefined:undefined:undefined":15,"s:148:2:150:Infinity":41,"s:149:4:149:Infinity":42,"s:151:24:151:Infinity":43,"b:153:2:169:Infinity:undefined:undefined:undefined:undefined":16,"s:153:2:169:Infinity":44,"s:154:4:157:Infinity":45,"s:158:4:167:Infinity":46,"s:168:4:168:Infinity":47,"s:171:2:312:Infinity":48,"s:172:4:172:Infinity":49,"s:173:4:173:Infinity":50,"s:175:4:252:Infinity":51,"b:176:4:187:Infinity:undefined:undefined:undefined:undefined":17,"s:176:4:187:Infinity":52,"b:176:8:176:21:176:21:176:43":18,"s:177:6:177:Infinity":53,"s:178:23:178:Infinity":54,"b:180:6:185:Infinity:undefined:undefined:undefined:undefined":19,"s:180:6:185:Infinity":55,"s:181:28:183:Infinity":56,"f:182:11:182:16":10,"s:182:31:182:81":57,"s:184:8:184:Infinity":58,"s:186:6:186:Infinity":59,"b:189:4:222:Infinity:201:11:222:Infinity":20,"s:189:4:222:Infinity":60,"s:190:6:190:Infinity":61,"s:191:23:196:Infinity":62,"s:197:6:200:Infinity":63,"b:201:11:222:Infinity:undefined:undefined:undefined:undefined":21,"s:201:11:222:Infinity":64,"s:202:6:202:Infinity":65,"s:203:20:203:Infinity":66,"b:204:6:208:Infinity:undefined:undefined:undefined:undefined":22,"s:204:6:208:Infinity":67,"b:204:10:204:20:204:20:204:37":23,"s:205:8:207:Infinity":68,"s:209:6:212:Infinity":69,"s:213:28:218:Infinity":70,"b:219:6:219:Infinity:undefined:undefined:undefined:undefined":24,"s:219:6:219:Infinity":71,"s:219:31:219:Infinity":72,"s:220:6:220:Infinity":73,"s:221:6:221:Infinity":74,"b:224:4:241:Infinity:undefined:undefined:undefined:undefined":25,"s:224:4:241:Infinity":75,"b:224:8:224:16:224:16:224:41:224:41:224:53:224:53:224:70":26,"s:225:6:225:Infinity":76,"s:226:6:240:Infinity":77,"s:227:14:227:Infinity":78,"s:228:21:228:Infinity":79,"s:229:27:229:Infinity":80,"b:229:41:229:55:229:55:229:Infinity":27,"s:230:8:235:Infinity":81,"s:236:8:236:Infinity":82,"s:237:8:237:Infinity":83,"s:239:8:239:Infinity":84,"s:243:4:243:Infinity":85,"s:244:4:244:Infinity":86,"s:245:4:245:Infinity":87,"b:246:4:251:Infinity:undefined:undefined:undefined:undefined":28,"s:246:4:251:Infinity":88,"s:247:6:250:Infinity":89,"s:254:21:254:Infinity":90,"s:256:6:256:Infinity":91,"b:256:38:256:50:256:50:256:Infinity":29,"b:256:73:256:87:256:87:256:Infinity":30,"s:257:4:257:Infinity":92,"s:258:45:258:Infinity":93,"s:260:4:271:Infinity":94,"b:266:18:266:39:266:39:266:Infinity":31,"b:266:62:266:66:266:66:266:Infinity":32,"s:273:4:292:Infinity":95,"s:274:6:288:Infinity":96,"b:280:18:280:39:280:39:280:Infinity":33,"b:280:62:280:66:280:66:280:Infinity":34,"b:284:16:284:Infinity:285:16:285:Infinity":35,"b:285:16:285:34:285:34:285:Infinity":36,"b:286:18:286:27:286:27:286:45:286:45:286:Infinity":37,"s:289:6:289:Infinity":97,"s:291:6:291:Infinity":98,"b:294:4:307:Infinity:undefined:undefined:undefined:undefined":38,"s:294:4:307:Infinity":99,"s:295:6:306:Infinity":100,"s:296:8:296:Infinity":101,"s:297:8:303:Infinity":102,"s:305:8:305:Infinity":103,"s:309:4:309:Infinity":104,"s:311:4:311:Infinity":105,"s:315:6:315:Infinity":106,"s:317:31:322:Infinity":107,"b:318:4:321:Infinity:322:4:322:Infinity":39,"s:324:31:329:Infinity":108,"b:325:4:328:Infinity:329:4:329:Infinity":40,"b:331:0:341:Infinity:undefined:undefined:undefined:undefined":41,"s:331:0:341:Infinity":109,"b:331:4:331:23:331:23:331:40":42,"s:332:2:334:Infinity":110,"f:332:21:332:32":11,"s:333:4:333:Infinity":111,"s:336:2:338:Infinity":112,"f:336:21:336:32":12,"s:337:4:337:Infinity":113,"s:340:2:340:Infinity":114}}}
,"C:\\My Project\\Axon\\backend\\workers\\telemetryFlushWorker.js": {"path":"C:\\My Project\\Axon\\backend\\workers\\telemetryFlushWorker.js","statementMap":{"0":{"start":{"line":8,"column":46},"end":{"line":8,"column":69}},"1":{"start":{"line":10,"column":14},"end":{"line":10,"column":70}},"2":{"start":{"line":13,"column":17},"end":{"line":13,"column":30}},"3":{"start":{"line":14,"column":2},"end":{"line":14,"column":null}},"4":{"start":{"line":18,"column":20},"end":{"line":18,"column":30}},"5":{"start":{"line":20,"column":2},"end":{"line":65,"column":null}},"6":{"start":{"line":21,"column":21},"end":{"line":21,"column":46}},"7":{"start":{"line":22,"column":29},"end":{"line":24,"column":5}},"8":{"start":{"line":23,"column":38},"end":{"line":23,"column":81}},"9":{"start":{"line":26,"column":23},"end":{"line":47,"column":9}},"10":{"start":{"line":27,"column":33},"end":{"line":27,"column":42}},"11":{"start":{"line":28,"column":38},"end":{"line":47,"column":7}},"12":{"start":{"line":49,"column":4},"end":{"line":51,"column":null}},"13":{"start":{"line":50,"column":6},"end":{"line":50,"column":null}},"14":{"start":{"line":53,"column":4},"end":{"line":56,"column":null}},"15":{"start":{"line":58,"column":4},"end":{"line":58,"column":null}},"16":{"start":{"line":60,"column":4},"end":{"line":63,"column":null}},"17":{"start":{"line":64,"column":4},"end":{"line":64,"column":null}}},"fnMap":{"0":{"name":"toNumber","decl":{"start":{"line":12,"column":9},"end":{"line":12,"column":17}},"loc":{"start":{"line":12,"column":25},"end":{"line":15,"column":null}},"line":12},"1":{"name":"flushAgentTelemetry","decl":{"start":{"line":17,"column":22},"end":{"line":17,"column":41}},"loc":{"start":{"line":17,"column":44},"end":{"line":66,"column":null}},"line":17},"2":{"name":"(anonymous_2)","decl":{"start":{"line":23,"column":19},"end":{"line":23,"column":24}},"loc":{"start":{"line":23,"column":38},"end":{"line":23,"column":81}},"line":23},"3":{"name":"(anonymous_3)","decl":{"start":{"line":27,"column":14},"end":{"line":27,"column":15}},"loc":{"start":{"line":27,"column":33},"end":{"line":27,"column":42}},"line":27},"4":{"name":"(anonymous_4)","decl":{"start":{"line":28,"column":11},"end":{"line":28,"column":12}},"loc":{"start":{"line":28,"column":38},"end":{"line":47,"column":7}},"line":28}},"branchMap":{"0":{"loc":{"start":{"line":14,"column":9},"end":{"line":14,"column":53}},"type":"cond-expr","locations":[{"start":{"line":14,"column":35},"end":{"line":14,"column":41}},{"start":{"line":14,"column":44},"end":{"line":14,"column":53}}],"line":14},"1":{"loc":{"start":{"line":33,"column":22},"end":{"line":33,"column":74}},"type":"cond-expr","locations":[{"start":{"line":33,"column":54},"end":{"line":33,"column":62}},{"start":{"line":33,"column":65},"end":{"line":33,"column":74}}],"line":33},"2":{"loc":{"start":{"line":34,"column":24},"end":{"line":36,"column":28}},"type":"cond-expr","locations":[{"start":{"line":35,"column":18},"end":{"line":35,"column":null}},{"start":{"line":36,"column":18},"end":{"line":36,"column":28}}],"line":34},"3":{"loc":{"start":{"line":49,"column":4},"end":{"line":51,"column":null}},"type":"if","locations":[{"start":{"line":49,"column":4},"end":{"line":51,"column":null}},{"start":{},"end":{}}],"line":49}},"s":{"0":2,"1":2,"2":0,"3":0,"4":0,"5":0,"6":0,"7":0,"8":0,"9":0,"10":0,"11":0,"12":0,"13":0,"14":0,"15":0,"16":0,"17":0},"f":{"0":0,"1":0,"2":0,"3":0,"4":0},"b":{"0":[0,0],"1":[0,0],"2":[0,0],"3":[0,0]},"meta":{"lastBranch":4,"lastFunction":5,"lastStatement":18,"seen":{"s:8:46:8:69":0,"s:10:14:10:70":1,"f:12:9:12:17":0,"s:13:17:13:30":2,"s:14:2:14:Infinity":3,"b:14:35:14:41:14:44:14:53":0,"f:17:22:17:41":1,"s:18:20:18:30":4,"s:20:2:65:Infinity":5,"s:21:21:21:46":6,"s:22:29:24:5":7,"f:23:19:23:24":2,"s:23:38:23:81":8,"s:26:23:47:9":9,"f:27:14:27:15":3,"s:27:33:27:42":10,"f:28:11:28:12":4,"s:28:38:47:7":11,"b:33:54:33:62:33:65:33:74":1,"b:35:18:35:Infinity:36:18:36:28":2,"b:49:4:51:Infinity:undefined:undefined:undefined:undefined":3,"s:49:4:51:Infinity":12,"s:50:6:50:Infinity":13,"s:53:4:56:Infinity":14,"s:58:4:58:Infinity":15,"s:60:4:63:Infinity":16,"s:64:4:64:Infinity":17}}}
}
